2026-06-02 18:41:35,992 - sector_filter - INFO - 共获取 100 个板块，开始获取行情数据
2026-06-02 18:41:38,927 - sector_filter - WARNING - 获取板块 'MLCC' 行情失败: ('Connection aborted.', RemoteDisconnected('Remote end closed connection without response'))
2026-06-02 18:41:41,808 - sector_filter - WARNING - 获取板块 '被动元件概念' 行情失败: ('Connection aborted.', RemoteDisconnected('Remote end closed connection without response'))
2026-06-02 18:41:44,671 - sector_filter - WARNING - 获取板块 '历史新高' 行情失败: ('Connection aborted.', RemoteDisconnected('Remote end closed connection without response'))
2026-06-02 18:41:47,611 - sector_filter - WARNING - 获取板块 'CPO概念' 行情失败: ('Connection aborted.', RemoteDisconnected('Remote end closed connection without response'))
2026-06-02 18:41:50,595 - sector_filter - WARNING - 获取板块 '光通信模块' 行情失败: ('Connection aborted.', RemoteDisconnected('Remote end closed connection without response'))
2026-06-02 18:41:53,633 - sector_filter - WARNING - 获取板块 '光纤概念' 行情失败: ('Connection aborted.', RemoteDisconnected('Remote end closed connection without response'))
2026-06-02 18:41:56,647 - sector_filter - WARNING - 获取板块 '玻璃基板' 行情失败: ('Connection aborted.', RemoteDisconnected('Remote end closed connection without response'))
2026-06-02 18:41:59,687 - sector_filter - WARNING - 获取板块 '培育钻石' 行情失败: ('Connection aborted.', RemoteDisconnected('Remote end closed connection without response'))
2026-06-02 18:42:02,678 - sector_filter - WARNING - 获取板块 '昨日打二板以上表现' 行情失败: ('Connection aborted.', RemoteDisconnected('Remote end closed connection without response'))
2026-06-02 18:42:05,638 - sector_filter - WARNING - 获取板块 '铜缆高速连接' 行情失败: ('Connection aborted.', RemoteDisconnected('Remote end closed connection without response'))
2026-06-02 18:42:08,729 - sector_filter - WARNING - 获取板块 '高带宽内存' 行情失败: ('Connection aborted.', RemoteDisconnected('Remote end closed connection without response'))
2026-06-02 18:42:11,737 - sector_filter - WARNING - 获取板块 'PCB' 行情失败: ('Connection aborted.', RemoteDisconnected('Remote end closed connection without response'))
2026-06-02 18:42:14,808 - sector_filter - WARNING - 获取板块 'AIPC' 行情失败: ('Connection aborted.', RemoteDisconnected('Remote end closed connection without response'))
2026-06-02 18:42:17,842 - sector_filter - WARNING - 获取板块 '百元股' 行情失败: ('Connection aborted.', RemoteDisconnected('Remote end closed connection without response'))
2026-06-02 18:42:20,903 - sector_filter - WARNING - 获取板块 '昨日连板_含一字' 行情失败: ('Connection aborted.', RemoteDisconnected('Remote end closed connection without response'))
2026-06-02 18:42:23,914 - sector_filter - WARNING - 获取板块 'F5G概念' 行情失败: ('Connection aborted.', RemoteDisconnected('Remote end closed connection without response'))
2026-06-02 18:42:26,952 - sector_filter - WARNING - 获取板块 '复合集流体' 行情失败: ('Connection aborted.', RemoteDisconnected('Remote end closed connection without response'))
2026-06-02 18:42:29,985 - sector_filter - WARNING - 获取板块 '先进封装' 行情失败: ('Connection aborted.', RemoteDisconnected('Remote end closed connection without response'))
2026-06-02 18:42:33,013 - sector_filter - WARNING - 获取板块 '柔性屏(折叠屏)' 行情失败: ('Connection aborted.', RemoteDisconnected('Remote end closed connection without response'))
2026-06-02 18:42:36,028 - sector_filter - WARNING - 获取板块 '百日新高' 行情失败: ('Connection aborted.', RemoteDisconnected('Remote end closed connection without response'))
2026-06-02 18:42:38,903 - sector_filter - WARNING - 获取板块 '苹果概念' 行情失败: ('Connection aborted.', RemoteDisconnected('Remote end closed connection without response'))
2026-06-02 18:42:41,813 - sector_filter - WARNING - 获取板块 '近期新高' 行情失败: ('Connection aborted.', RemoteDisconnected('Remote end closed connection without response'))
2026-06-02 18:42:44,698 - sector_filter - WARNING - 获取板块 '激光雷达' 行情失败: ('Connection aborted.', RemoteDisconnected('Remote end closed connection without response'))
2026-06-02 18:42:47,602 - sector_filter - WARNING - 获取板块 '3D摄像头' 行情失败: ('Connection aborted.', RemoteDisconnected('Remote end closed connection without response'))
2026-06-02 18:42:50,495 - sector_filter - WARNING - 获取板块 '小金属概念' 行情失败: ('Connection aborted.', RemoteDisconnected('Remote end closed connection without response'))
2026-06-02 18:42:53,296 - sector_filter - WARNING - 获取板块 '通信技术' 行情失败: ('Connection aborted.', RemoteDisconnected('Remote end closed connection without response'))
2026-06-02 18:42:56,066 - sector_filter - WARNING - 获取板块 'MicroLED' 行情失败: ('Connection aborted.', RemoteDisconnected('Remote end closed connection without response'))
2026-06-02 18:42:58,913 - sector_filter - WARNING - 获取板块 '智能穿戴' 行情失败: ('Connection aborted.', RemoteDisconnected('Remote end closed connection without response'))
2026-06-02 18:43:01,744 - sector_filter - WARNING - 获取板块 '消费电子概念' 行情失败: ('Connection aborted.', RemoteDisconnected('Remote end closed connection without response'))
2026-06-02 18:43:04,565 - sector_filter - WARNING - 获取板块 '举牌' 行情失败: ('Connection aborted.', RemoteDisconnected('Remote end closed connection without response'))
2026-06-02 18:43:07,401 - sector_filter - WARNING - 获取板块 '5G概念' 行情失败: ('Connection aborted.', RemoteDisconnected('Remote end closed connection without response'))
2026-06-02 18:43:10,206 - sector_filter - WARNING - 获取板块 '东方财富热股' 行情失败: ('Connection aborted.', RemoteDisconnected('Remote end closed connection without response'))
2026-06-02 18:43:13,138 - sector_filter - WARNING - 获取板块 '华为海思' 行情失败: ('Connection aborted.', RemoteDisconnected('Remote end closed connection without response'))
2026-06-02 18:43:16,228 - sector_filter - WARNING - 获取板块 '英伟达概念' 行情失败: ('Connection aborted.', RemoteDisconnected('Remote end closed connection without response'))
2026-06-02 18:43:19,129 - sector_filter - WARNING - 获取板块 '腾讯云' 行情失败: ('Connection aborted.', RemoteDisconnected('Remote end closed connection without response'))
2026-06-02 18:43:22,056 - sector_filter - WARNING - 获取板块 '大盘成长' 行情失败: ('Connection aborted.', RemoteDisconnected('Remote end closed connection without response'))
2026-06-02 18:43:25,048 - sector_filter - WARNING - 获取板块 '稀缺资源' 行情失败: ('Connection aborted.', RemoteDisconnected('Remote end closed connection without response'))
2026-06-02 18:43:28,013 - sector_filter - WARNING - 获取板块 '昨日连板' 行情失败: ('Connection aborted.', RemoteDisconnected('Remote end closed connection without response'))
2026-06-02 18:43:30,911 - sector_filter - WARNING - 获取板块 'OLED' 行情失败: ('Connection aborted.', RemoteDisconnected('Remote end closed connection without response'))
2026-06-02 18:43:33,837 - sector_filter - WARNING - 获取板块 '6G概念' 行情失败: ('Connection aborted.', RemoteDisconnected('Remote end closed connection without response'))
2026-06-02 18:43:37,016 - sector_filter - WARNING - 获取板块 '3D玻璃' 行情失败: ('Connection aborted.', RemoteDisconnected('Remote end closed connection without response'))
2026-06-02 18:43:40,280 - sector_filter - WARNING - 获取板块 '荣耀概念' 行情失败: ('Connection aborted.', RemoteDisconnected('Remote end closed connection without response'))
2026-06-02 18:43:43,582 - sector_filter - WARNING - 获取板块 '黄金概念' 行情失败: ('Connection aborted.', RemoteDisconnected('Remote end closed connection without response'))
2026-06-02 18:43:46,787 - sector_filter - WARNING - 获取板块 '存储芯片' 行情失败: ('Connection aborted.', RemoteDisconnected('Remote end closed connection without response'))
2026-06-02 18:43:49,997 - sector_filter - WARNING - 获取板块 '噪声防治' 行情失败: ('Connection aborted.', RemoteDisconnected('Remote end closed connection without response'))
2026-06-02 18:43:53,247 - sector_filter - WARNING - 获取板块 '稀土永磁' 行情失败: ('Connection aborted.', RemoteDisconnected('Remote end closed connection without response'))
2026-06-02 18:43:56,482 - sector_filter - WARNING - 获取板块 '半导体概念' 行情失败: ('Connection aborted.', RemoteDisconnected('Remote end closed connection without response'))
2026-06-02 18:43:59,814 - sector_filter - WARNING - 获取板块 '权重股' 行情失败: ('Connection aborted.', RemoteDisconnected('Remote end closed connection without response'))
2026-06-02 18:44:03,193 - sector_filter - WARNING - 获取板块 '基金重仓' 行情失败: ('Connection aborted.', RemoteDisconnected('Remote end closed connection without response'))
2026-06-02 18:44:06,531 - sector_filter - WARNING - 获取板块 '无线耳机' 行情失败: ('Connection aborted.', RemoteDisconnected('Remote end closed connection without response'))
2026-06-02 18:44:09,861 - sector_filter - WARNING - 获取板块 '液冷概念' 行情失败: ('Connection aborted.', RemoteDisconnected('Remote end closed connection without response'))
2026-06-02 18:44:13,241 - sector_filter - WARNING - 获取板块 '超级电容' 行情失败: ('Connection aborted.', RemoteDisconnected('Remote end closed connection without response'))
2026-06-02 18:44:16,623 - sector_filter - WARNING - 获取板块 '昨日涨停_含一字' 行情失败: ('Connection aborted.', RemoteDisconnected('Remote end closed connection without response'))
2026-06-02 18:44:20,020 - sector_filter - WARNING - 获取板块 '电子烟' 行情失败: ('Connection aborted.', RemoteDisconnected('Remote end closed connection without response'))
2026-06-02 18:44:23,365 - sector_filter - WARNING - 获取板块 '昨日高换手' 行情失败: ('Connection aborted.', RemoteDisconnected('Remote end closed connection without response'))
2026-06-02 18:44:26,817 - sector_filter - WARNING - 获取板块 '电子纸概念' 行情失败: ('Connection aborted.', RemoteDisconnected('Remote end closed connection without response'))
2026-06-02 18:44:30,256 - sector_filter - WARNING - 获取板块 'AI眼镜' 行情失败: ('Connection aborted.', RemoteDisconnected('Remote end closed connection without response'))
2026-06-02 18:44:33,325 - sector_filter - WARNING - 获取板块 'AI手机' 行情失败: ('Connection aborted.', RemoteDisconnected('Remote end closed connection without response'))
2026-06-02 18:44:36,313 - sector_filter - WARNING - 获取板块 'MiniLED' 行情失败: ('Connection aborted.', RemoteDisconnected('Remote end closed connection without response'))
2026-06-02 18:44:39,468 - sector_filter - WARNING - 获取板块 '中芯概念' 行情失败: ('Connection aborted.', RemoteDisconnected('Remote end closed connection without response'))
2026-06-02 18:44:42,519 - sector_filter - WARNING - 获取板块 '小米概念' 行情失败: ('Connection aborted.', RemoteDisconnected('Remote end closed connection without response'))
2026-06-02 18:44:45,507 - sector_filter - WARNING - 获取板块 'LED概念' 行情失败: ('Connection aborted.', RemoteDisconnected('Remote end closed connection without response'))
2026-06-02 18:44:48,513 - sector_filter - WARNING - 获取板块 'PLC概念' 行情失败: ('Connection aborted.', RemoteDisconnected('Remote end closed connection without response'))
2026-06-02 18:44:51,533 - sector_filter - WARNING - 获取板块 '昨日涨停' 行情失败: ('Connection aborted.', RemoteDisconnected('Remote end closed connection without response'))
2026-06-02 18:44:54,520 - sector_filter - WARNING - 获取板块 '机器人执行器' 行情失败: ('Connection aborted.', RemoteDisconnected('Remote end closed connection without response'))
2026-06-02 18:44:57,502 - sector_filter - WARNING - 获取板块 '超跌股' 行情失败: ('Connection aborted.', RemoteDisconnected('Remote end closed connection without response'))
2026-06-02 18:45:00,520 - sector_filter - WARNING - 获取板块 'ST股' 行情失败: ('Connection aborted.', RemoteDisconnected('Remote end closed connection without response'))
2026-06-02 18:45:03,496 - sector_filter - WARNING - 获取板块 '工业气体' 行情失败: ('Connection aborted.', RemoteDisconnected('Remote end closed connection without response'))
2026-06-02 18:45:06,461 - sector_filter - WARNING - 获取板块 '最近多板' 行情失败: ('Connection aborted.', RemoteDisconnected('Remote end closed connection without response'))
2026-06-02 18:45:09,403 - sector_filter - WARNING - 获取板块 '中盘成长' 行情失败: ('Connection aborted.', RemoteDisconnected('Remote end closed connection without response'))
2026-06-02 18:45:12,425 - sector_filter - WARNING - 获取板块 '量子科技' 行情失败: ('Connection aborted.', RemoteDisconnected('Remote end closed connection without response'))
2026-06-02 18:45:15,409 - sector_filter - WARNING - 获取板块 '昨日炸板' 行情失败: ('Connection aborted.', RemoteDisconnected('Remote end closed connection without response'))
2026-06-02 18:45:18,453 - sector_filter - WARNING - 获取板块 '2026一季报预增' 行情失败: ('Connection aborted.', RemoteDisconnected('Remote end closed connection without response'))
2026-06-02 18:45:21,388 - sector_filter - WARNING - 获取板块 '显示技术' 行情失败: ('Connection aborted.', RemoteDisconnected('Remote end closed connection without response'))
2026-06-02 18:45:24,371 - sector_filter - WARNING - 获取板块 '超导概念' 行情失败: ('Connection aborted.', RemoteDisconnected('Remote end closed connection without response'))
2026-06-02 18:45:27,358 - sector_filter - WARNING - 获取板块 '科创板做市商' 行情失败: ('Connection aborted.', RemoteDisconnected('Remote end closed connection without response'))
2026-06-02 18:45:30,338 - sector_filter - WARNING - 获取板块 '无线充电' 行情失败: ('Connection aborted.', RemoteDisconnected('Remote end closed connection without response'))
2026-06-02 18:45:33,335 - sector_filter - WARNING - 获取板块 '3D打印' 行情失败: ('Connection aborted.', RemoteDisconnected('Remote end closed connection without response'))
2026-06-02 18:45:36,317 - sector_filter - WARNING - 获取板块 '工业母机' 行情失败: ('Connection aborted.', RemoteDisconnected('Remote end closed connection without response'))
2026-06-02 18:45:39,287 - sector_filter - WARNING - 获取板块 '麒麟电池' 行情失败: ('Connection aborted.', RemoteDisconnected('Remote end closed connection without response'))
2026-06-02 18:45:42,254 - sector_filter - WARNING - 获取板块 '第三代半导体' 行情失败: ('Connection aborted.', RemoteDisconnected('Remote end closed connection without response'))
2026-06-02 18:45:45,228 - sector_filter - WARNING - 获取板块 '混合现实' 行情失败: ('Connection aborted.', RemoteDisconnected('Remote end closed connection without response'))
2026-06-02 18:45:48,179 - sector_filter - WARNING - 获取板块 '特斯拉概念' 行情失败: ('Connection aborted.', RemoteDisconnected('Remote end closed connection without response'))
2026-06-02 18:45:51,166 - sector_filter - WARNING - 获取板块 'B股' 行情失败: ('Connection aborted.', RemoteDisconnected('Remote end closed connection without response'))
2026-06-02 18:45:54,127 - sector_filter - WARNING - 获取板块 'AI芯片' 行情失败: ('Connection aborted.', RemoteDisconnected('Remote end closed connection without response'))
2026-06-02 18:45:57,066 - sector_filter - WARNING - 获取板块 '2026一季报扭亏' 行情失败: ('Connection aborted.', RemoteDisconnected('Remote end closed connection without response'))
2026-06-02 18:45:59,982 - sector_filter - WARNING - 获取板块 '汽车一体化压铸' 行情失败: ('Connection aborted.', RemoteDisconnected('Remote end closed connection without response'))
2026-06-02 18:46:02,991 - sector_filter - WARNING - 获取板块 '光刻机(胶)' 行情失败: ('Connection aborted.', RemoteDisconnected('Remote end closed connection without response'))
2026-06-02 18:46:05,943 - sector_filter - WARNING - 获取板块 '周期股' 行情失败: ('Connection aborted.', RemoteDisconnected('Remote end closed connection without response'))
2026-06-02 18:46:08,881 - sector_filter - WARNING - 获取板块 '昨日首板' 行情失败: ('Connection aborted.', RemoteDisconnected('Remote end closed connection without response'))
2026-06-02 18:46:11,835 - sector_filter - WARNING - 获取板块 '昨日触板' 行情失败: ('Connection aborted.', RemoteDisconnected('Remote end closed connection without response'))
2026-06-02 18:46:14,768 - sector_filter - WARNING - 获取板块 '上证50_' 行情失败: ('Connection aborted.', RemoteDisconnected('Remote end closed connection without response'))
2026-06-02 18:46:17,750 - sector_filter - WARNING - 获取板块 'IPv6' 行情失败: ('Connection aborted.', RemoteDisconnected('Remote end closed connection without response'))
2026-06-02 18:46:20,722 - sector_filter - WARNING - 获取板块 '汽车芯片' 行情失败: ('Connection aborted.', RemoteDisconnected('Remote end closed connection without response'))
2026-06-02 18:46:23,810 - sector_filter - WARNING - 获取板块 '次新股' 行情失败: ('Connection aborted.', RemoteDisconnected('Remote end closed connection without response'))
2026-06-02 18:46:27,644 - sector_filter - WARNING - 获取板块 '大盘股' 行情失败: ('Connection aborted.', RemoteDisconnected('Remote end closed connection without response'))
2026-06-02 18:46:31,227 - sector_filter - WARNING - 获取板块 '石墨烯' 行情失败: ('Connection aborted.', RemoteDisconnected('Remote end closed connection without response'))
2026-06-02 18:46:34,562 - sector_filter - WARNING - 获取板块 '人形机器人' 行情失败: ('Connection aborted.', RemoteDisconnected('Remote end closed connection without response'))
2026-06-02 18:46:38,142 - sector_filter - WARNING - 获取板块 '碳基材料' 行情失败: ('Connection aborted.', RemoteDisconnected('Remote end closed connection without response'))
2026-06-02 18:46:41,886 - sector_filter - WARNING - 获取板块 '国产芯片' 行情失败: ('Connection aborted.', RemoteDisconnected('Remote end closed connection without response'))
2026-06-02 18:46:41,886 - sector_filter - INFO - 成功获取 0 个板块的行情数据
2026-06-02 18:46:41,886 - sector_filter - WARNING - RPS计算结果为空
2026-06-02 19:16:17,445 - sector_filter - INFO - 共获取 375 个板块，开始获取行情数据
2026-06-02 19:18:30,862 - sector_filter - INFO - 板块行情获取进度: 50/375
2026-06-02 19:20:55,231 - sector_filter - INFO - 板块行情获取进度: 100/375
2026-06-02 19:23:03,277 - sector_filter - INFO - 板块行情获取进度: 150/375
2026-06-02 19:25:03,068 - sector_filter - INFO - 板块行情获取进度: 200/375
2026-06-02 19:26:57,130 - sector_filter - INFO - 板块行情获取进度: 250/375
2026-06-02 19:28:56,921 - sector_filter - INFO - 板块行情获取进度: 300/375
2026-06-02 19:30:48,711 - sector_filter - INFO - 板块行情获取进度: 350/375
2026-06-02 19:31:43,712 - sector_filter - INFO - 板块行情获取进度: 375/375
2026-06-02 19:31:43,712 - sector_filter - INFO - 成功获取 375 个板块的行情数据
2026-06-02 19:31:43,769 - sector_filter - INFO - RPS排名前 20 板块: ['国家大基金持股', '先进封装', '培育钻石', '存储芯片', 'PCB概念', '科创次新股', '共封装光学(CPO)', '超级电容', '第三代半导体', 'MiniLED', '同花顺果指数', 'PET铜箔', '富士康概念', '中芯国际概念', 'AI PC', '光刻机', '铜缆高速连接', '光纤概念', 'OLED', '苹果概念']
2026-06-02 19:31:50,219 - sector_filter - INFO - 板块RPS筛选完成: 前20板块共包含 146 只股票
2026-06-02 19:38:11,527 - sector_filter - INFO - 共获取 375 个板块，开始获取行情数据
2026-06-02 19:38:13,647 - sector_filter - WARNING - 获取板块 '阿尔茨海默概念' 行情失败: Execution failed
2026-06-02 19:38:15,900 - sector_filter - WARNING - 获取板块 'AI PC' 行情失败: Execution failed
2026-06-02 19:38:18,130 - sector_filter - WARNING - 获取板块 'AI手机' 行情失败: Execution failed
2026-06-02 19:38:20,224 - sector_filter - WARNING - 获取板块 'AI语料' 行情失败: Execution failed
2026-06-02 19:38:22,446 - sector_filter - WARNING - 获取板块 '阿里巴巴概念' 行情失败: Execution failed
2026-06-02 19:38:24,867 - sector_filter - WARNING - 获取板块 '安防' 行情失败: Execution failed
2026-06-02 19:38:27,170 - sector_filter - WARNING - 获取板块 '白酒概念' 行情失败: Execution failed
2026-06-02 19:38:29,411 - sector_filter - WARNING - 获取板块 'BC电池' 行情失败: Execution failed
2026-06-02 19:38:31,472 - sector_filter - WARNING - 获取板块 '百度概念' 行情失败: Execution failed
2026-06-02 19:38:33,674 - sector_filter - WARNING - 获取板块 '丙烯酸' 行情失败: Execution failed
2026-06-02 19:38:35,802 - sector_filter - WARNING - 获取板块 '冰雪产业' 行情失败: Execution failed
2026-06-02 19:38:38,021 - sector_filter - WARNING - 获取板块 '比亚迪概念' 行情失败: Execution failed
2026-06-02 19:38:40,089 - sector_filter - WARNING - 获取板块 '参股保险' 行情失败: Execution failed
2026-06-02 19:38:42,192 - sector_filter - WARNING - 获取板块 '宁德时代概念' 行情失败: Execution failed
2026-06-02 19:38:44,379 - sector_filter - WARNING - 获取板块 '参股券商' 行情失败: Execution failed
2026-06-02 19:38:46,515 - sector_filter - WARNING - 获取板块 '草甘膦' 行情失败: Execution failed
2026-06-02 19:38:48,603 - sector_filter - WARNING - 获取板块 '参股银行' 行情失败: Execution failed
2026-06-02 19:38:51,286 - sector_filter - WARNING - 获取板块 '长安汽车概念' 行情失败: Execution failed
2026-06-02 19:38:53,791 - sector_filter - WARNING - 获取板块 '长三角一体化' 行情失败: Execution failed
2026-06-02 19:38:55,895 - sector_filter - WARNING - 获取板块 '超超临界发电' 行情失败: Execution failed
2026-06-02 19:38:58,108 - sector_filter - WARNING - 获取板块 '超导概念' 行情失败: Execution failed
2026-06-02 19:39:00,558 - sector_filter - WARNING - 获取板块 '超级电容' 行情失败: Execution failed
2026-06-02 19:39:02,699 - sector_filter - WARNING - 获取板块 '超级品牌' 行情失败: Execution failed
2026-06-02 19:39:05,662 - sector_filter - WARNING - 获取板块 '车联网(车路协同)' 行情失败: Execution failed
2026-06-02 19:39:07,978 - sector_filter - WARNING - 获取板块 '成飞概念' 行情失败: Execution failed
2026-06-02 19:39:11,241 - sector_filter - WARNING - 获取板块 '充电桩' 行情失败: Execution failed
2026-06-02 19:39:13,427 - sector_filter - WARNING - 获取板块 '宠物经济' 行情失败: Execution failed
2026-06-02 19:39:15,597 - sector_filter - WARNING - 获取板块 '重组蛋白' 行情失败: Execution failed
2026-06-02 19:39:17,722 - sector_filter - WARNING - 获取板块 '抽水蓄能' 行情失败: Execution failed
2026-06-02 19:39:19,938 - sector_filter - WARNING - 获取板块 '传感器' 行情失败: Execution failed
2026-06-02 19:39:22,239 - sector_filter - WARNING - 获取板块 '创投' 行情失败: Execution failed
2026-06-02 19:39:24,392 - sector_filter - WARNING - 获取板块 '创新药' 行情失败: Execution failed
2026-06-02 19:39:26,522 - sector_filter - WARNING - 获取板块 '储能' 行情失败: Execution failed
2026-06-02 19:39:28,730 - sector_filter - WARNING - 获取板块 '存储芯片' 行情失败: Execution failed
2026-06-02 19:39:30,879 - sector_filter - WARNING - 获取板块 '大豆' 行情失败: Execution failed
2026-06-02 19:39:33,715 - sector_filter - WARNING - 获取板块 '大飞机' 行情失败: Execution failed
2026-06-02 19:39:35,886 - sector_filter - WARNING - 获取板块 '代糖概念' 行情失败: Execution failed
2026-06-02 19:39:37,999 - sector_filter - WARNING - 获取板块 '国家大基金持股' 行情失败: Execution failed
2026-06-02 19:39:40,542 - sector_filter - WARNING - 获取板块 '锂电池概念' 行情失败: Execution failed
2026-06-02 19:39:42,898 - sector_filter - WARNING - 获取板块 '电子竞技' 行情失败: Execution failed
2026-06-02 19:39:45,097 - sector_filter - WARNING - 获取板块 '电子身份证' 行情失败: Execution failed
2026-06-02 19:39:48,208 - sector_filter - WARNING - 获取板块 '低空经济' 行情失败: Execution failed
2026-06-02 19:39:50,374 - sector_filter - WARNING - 获取板块 '第三代半导体' 行情失败: Execution failed
2026-06-02 19:39:52,542 - sector_filter - WARNING - 获取板块 '地下管网' 行情失败: Execution failed
2026-06-02 19:39:54,869 - sector_filter - WARNING - 获取板块 '电力物联网' 行情失败: Execution failed
2026-06-02 19:39:56,946 - sector_filter - WARNING - 获取板块 '动力电池回收' 行情失败: Execution failed
2026-06-02 19:40:00,052 - sector_filter - WARNING - 获取板块 '东数西算(算力)' 行情失败: Execution failed
2026-06-02 19:41:21,818 - sector_filter - INFO - 共获取 365 个板块，开始获取行情数据
2026-06-02 19:41:21,853 - sector_filter - INFO - 板块行情获取进度: 50/365
2026-06-02 19:41:21,889 - sector_filter - INFO - 板块行情获取进度: 100/365
2026-06-02 19:41:21,923 - sector_filter - INFO - 板块行情获取进度: 150/365
2026-06-02 19:41:21,958 - sector_filter - INFO - 板块行情获取进度: 200/365
2026-06-02 19:41:21,991 - sector_filter - INFO - 板块行情获取进度: 250/365
2026-06-02 19:41:22,026 - sector_filter - INFO - 板块行情获取进度: 300/365
2026-06-02 19:41:22,061 - sector_filter - INFO - 板块行情获取进度: 350/365
2026-06-02 19:41:22,072 - sector_filter - INFO - 板块行情获取进度: 365/365
2026-06-02 19:41:22,072 - sector_filter - INFO - 成功获取 365 个板块的行情数据
2026-06-02 19:41:22,114 - sector_filter - INFO - RPS排名前 20 板块: ['先进封装', '培育钻石', '大飞机', 'PCB概念', '科创次新股', '共封装光学(CPO)', '成飞概念', 'MiniLED', '同花顺果指数', '超导概念', 'PET铜箔', '富士康概念', '中芯国际概念', '光刻机', '铜缆高速连接', '国家大基金持股', '低空经济', 'OLED', '苹果概念', '第三代半导体']
2026-06-02 19:41:28,342 - sector_filter - INFO - 板块RPS筛选完成: 前20板块共包含 124 只股票
2026-06-02 19:52:14,440 - sector_filter - INFO - 共获取 375 个板块，开始获取行情数据
2026-06-02 19:52:14,477 - sector_filter - INFO - 板块行情获取进度: 50/375
2026-06-02 19:52:14,518 - sector_filter - INFO - 板块行情获取进度: 100/375
2026-06-02 19:52:14,558 - sector_filter - INFO - 板块行情获取进度: 150/375
2026-06-02 19:52:14,599 - sector_filter - INFO - 板块行情获取进度: 200/375
2026-06-02 19:52:14,639 - sector_filter - INFO - 板块行情获取进度: 250/375
2026-06-02 19:52:14,680 - sector_filter - INFO - 板块行情获取进度: 300/375
2026-06-02 19:52:14,721 - sector_filter - INFO - 板块行情获取进度: 350/375
2026-06-02 19:52:14,740 - sector_filter - INFO - 板块行情获取进度: 375/375
2026-06-02 19:52:14,740 - sector_filter - INFO - 成功获取 375 个板块的行情数据
2026-06-02 19:52:14,796 - sector_filter - INFO - RPS排名前 20 板块: ['先进封装', '培育钻石', '大飞机', 'PCB概念', '科创次新股', '共封装光学(CPO)', '成飞概念', 'MiniLED', '同花顺果指数', '超导概念', 'PET铜箔', '富士康概念', '中芯国际概念', '光刻机', '铜缆高速连接', '国家大基金持股', '低空经济', '光纤概念', 'OLED', '苹果概念']
2026-06-02 19:52:15,055 - sector_filter - INFO - 板块RPS筛选完成: 前20板块共包含 124 只股票
2026-06-02 19:57:55,882 - sector_filter - INFO - 共获取 375 个板块，开始获取行情数据
2026-06-02 19:57:55,916 - sector_filter - INFO - 板块行情获取进度: 50/375
2026-06-02 19:57:55,956 - sector_filter - INFO - 板块行情获取进度: 100/375
2026-06-02 19:57:55,995 - sector_filter - INFO - 板块行情获取进度: 150/375
2026-06-02 19:57:56,035 - sector_filter - INFO - 板块行情获取进度: 200/375
2026-06-02 19:57:56,078 - sector_filter - INFO - 板块行情获取进度: 250/375
2026-06-02 19:57:56,118 - sector_filter - INFO - 板块行情获取进度: 300/375
2026-06-02 19:57:56,157 - sector_filter - INFO - 板块行情获取进度: 350/375
2026-06-02 19:57:56,176 - sector_filter - INFO - 板块行情获取进度: 375/375
2026-06-02 19:57:56,176 - sector_filter - INFO - 成功获取 375 个板块的行情数据
2026-06-02 19:57:56,236 - sector_filter - INFO - RPS排名前 20 板块: ['先进封装', '培育钻石', '大飞机', 'PCB概念', '科创次新股', '共封装光学(CPO)', '成飞概念', 'MiniLED', '同花顺果指数', '超导概念', 'PET铜箔', '富士康概念', '中芯国际概念', '光刻机', '铜缆高速连接', '国家大基金持股', '低空经济', '光纤概念', 'OLED', '苹果概念']
2026-06-02 19:57:56,249 - sector_filter - INFO - 板块RPS筛选完成: 前20板块共包含 124 只股票
2026-06-02 20:10:14,965 - sector_filter - INFO - 共获取 375 个板块，开始获取行情数据
2026-06-02 20:10:15,003 - sector_filter - INFO - 板块行情获取进度: 50/375
2026-06-02 20:10:15,043 - sector_filter - INFO - 板块行情获取进度: 100/375
2026-06-02 20:10:15,083 - sector_filter - INFO - 板块行情获取进度: 150/375
2026-06-02 20:10:15,122 - sector_filter - INFO - 板块行情获取进度: 200/375
2026-06-02 20:10:15,161 - sector_filter - INFO - 板块行情获取进度: 250/375
2026-06-02 20:10:15,202 - sector_filter - INFO - 板块行情获取进度: 300/375
2026-06-02 20:10:15,244 - sector_filter - INFO - 板块行情获取进度: 350/375
2026-06-02 20:10:15,266 - sector_filter - INFO - 板块行情获取进度: 375/375
2026-06-02 20:10:15,267 - sector_filter - INFO - 成功获取 375 个板块的行情数据
2026-06-02 20:10:15,317 - sector_filter - INFO - RPS排名前 20 板块: ['先进封装', '培育钻石', '大飞机', 'PCB概念', '科创次新股', '共封装光学(CPO)', '成飞概念', 'MiniLED', '同花顺果指数', '超导概念', 'PET铜箔', '富士康概念', '中芯国际概念', '光刻机', '铜缆高速连接', '国家大基金持股', '低空经济', '光纤概念', 'OLED', '苹果概念']
2026-06-02 20:10:15,331 - sector_filter - INFO - 板块RPS筛选完成: 前20板块共包含 124 只股票
2026-06-02 20:30:13,382 - sector_filter - INFO - 共获取 375 个板块，开始获取行情数据
2026-06-02 20:30:13,419 - sector_filter - INFO - 板块行情获取进度: 50/375
2026-06-02 20:30:13,462 - sector_filter - INFO - 板块行情获取进度: 100/375
2026-06-02 20:30:13,502 - sector_filter - INFO - 板块行情获取进度: 150/375
2026-06-02 20:30:13,542 - sector_filter - INFO - 板块行情获取进度: 200/375
2026-06-02 20:30:13,582 - sector_filter - INFO - 板块行情获取进度: 250/375
2026-06-02 20:30:13,622 - sector_filter - INFO - 板块行情获取进度: 300/375
2026-06-02 20:30:13,664 - sector_filter - INFO - 板块行情获取进度: 350/375
2026-06-02 20:30:13,685 - sector_filter - INFO - 板块行情获取进度: 375/375
2026-06-02 20:30:13,685 - sector_filter - INFO - 成功获取 375 个板块的行情数据
2026-06-02 20:30:13,738 - sector_filter - INFO - RPS排名前 20 板块: ['先进封装', '培育钻石', '大飞机', 'PCB概念', '科创次新股', '共封装光学(CPO)', '成飞概念', 'MiniLED', '同花顺果指数', '超导概念', 'PET铜箔', '富士康概念', '中芯国际概念', '光刻机', '铜缆高速连接', '国家大基金持股', '低空经济', '光纤概念', 'OLED', '苹果概念']
2026-06-02 20:30:13,755 - sector_filter - INFO - 板块RPS筛选完成: 前20板块共包含 124 只股票
2026-06-02 20:35:22,232 - sector_filter - INFO - 共获取 375 个板块，开始获取行情数据
2026-06-02 20:35:22,265 - sector_filter - INFO - 板块行情获取进度: 50/375
2026-06-02 20:35:22,308 - sector_filter - INFO - 板块行情获取进度: 100/375
2026-06-02 20:35:22,345 - sector_filter - INFO - 板块行情获取进度: 150/375
2026-06-02 20:35:22,384 - sector_filter - INFO - 板块行情获取进度: 200/375
2026-06-02 20:35:22,422 - sector_filter - INFO - 板块行情获取进度: 250/375
2026-06-02 20:35:22,462 - sector_filter - INFO - 板块行情获取进度: 300/375
2026-06-02 20:35:22,506 - sector_filter - INFO - 板块行情获取进度: 350/375
2026-06-02 20:35:22,526 - sector_filter - INFO - 板块行情获取进度: 375/375
2026-06-02 20:35:22,526 - sector_filter - INFO - 成功获取 375 个板块的行情数据
2026-06-02 20:35:22,575 - sector_filter - INFO - RPS排名前 20 板块: ['先进封装', '培育钻石', '大飞机', 'PCB概念', '科创次新股', '共封装光学(CPO)', '成飞概念', 'MiniLED', '同花顺果指数', '超导概念', 'PET铜箔', '富士康概念', '中芯国际概念', '光刻机', '铜缆高速连接', '国家大基金持股', '低空经济', '光纤概念', 'OLED', '苹果概念']
2026-06-02 20:35:22,590 - sector_filter - INFO - 板块RPS筛选完成: 前20板块共包含 124 只股票
2026-06-02 20:48:06,167 - sector_filter - INFO - 共获取 375 个板块，开始获取行情数据
2026-06-02 20:48:06,197 - sector_filter - INFO - 板块行情获取进度: 50/375
2026-06-02 20:48:06,234 - sector_filter - INFO - 板块行情获取进度: 100/375
2026-06-02 20:48:06,269 - sector_filter - INFO - 板块行情获取进度: 150/375
2026-06-02 20:48:06,307 - sector_filter - INFO - 板块行情获取进度: 200/375
2026-06-02 20:48:06,345 - sector_filter - INFO - 板块行情获取进度: 250/375
2026-06-02 20:48:06,383 - sector_filter - INFO - 板块行情获取进度: 300/375
2026-06-02 20:48:06,419 - sector_filter - INFO - 板块行情获取进度: 350/375
2026-06-02 20:48:06,436 - sector_filter - INFO - 板块行情获取进度: 375/375
2026-06-02 20:48:06,436 - sector_filter - INFO - 成功获取 375 个板块的行情数据
2026-06-02 20:48:06,481 - sector_filter - INFO - RPS排名前 20 板块: ['先进封装', '培育钻石', '大飞机', 'PCB概念', '科创次新股', '共封装光学(CPO)', '成飞概念', 'MiniLED', '同花顺果指数', '超导概念', 'PET铜箔', '富士康概念', '中芯国际概念', '光刻机', '铜缆高速连接', '国家大基金持股', '低空经济', '光纤概念', 'OLED', '苹果概念']
2026-06-02 20:48:06,496 - sector_filter - INFO - 板块RPS筛选完成: 前20板块共包含 124 只股票
2026-06-02 21:26:42,636 - sector_filter - INFO - 共获取 372 个板块，开始获取行情数据
2026-06-02 21:26:42,675 - sector_filter - INFO - 板块行情获取进度: 50/372
2026-06-02 21:26:42,714 - sector_filter - INFO - 板块行情获取进度: 100/372
2026-06-02 21:26:42,750 - sector_filter - INFO - 板块行情获取进度: 150/372
2026-06-02 21:26:42,784 - sector_filter - INFO - 板块行情获取进度: 200/372
2026-06-02 21:26:42,819 - sector_filter - INFO - 板块行情获取进度: 250/372
2026-06-02 21:26:42,854 - sector_filter - INFO - 板块行情获取进度: 300/372
2026-06-02 21:26:42,890 - sector_filter - INFO - 板块行情获取进度: 350/372
2026-06-02 21:26:42,906 - sector_filter - INFO - 板块行情获取进度: 372/372
2026-06-02 21:26:42,906 - sector_filter - INFO - 成功获取 372 个板块的行情数据
2026-06-02 21:26:42,945 - sector_filter - INFO - RPS排名前 20 板块: ['先进封装', '培育钻石', '大飞机', 'PCB概念', '科创次新股', '共封装光学(CPO)', '成飞概念', 'MiniLED', '超导概念', 'PET铜箔', '富士康概念', '中芯国际概念', '光刻机', '铜缆高速连接', '国家大基金持股', '低空经济', '光纤概念', 'OLED', '苹果概念', '第三代半导体']
2026-06-02 21:26:42,957 - sector_filter - INFO - 板块RPS筛选完成: 前20板块共包含 118 只股票
2026-06-02 22:13:13,122 - sector_filter - INFO - 共获取 375 个板块，开始获取行情数据
2026-06-02 22:13:13,157 - sector_filter - INFO - 板块行情获取进度: 50/375
2026-06-02 22:13:13,195 - sector_filter - INFO - 板块行情获取进度: 100/375
2026-06-02 22:13:13,233 - sector_filter - INFO - 板块行情获取进度: 150/375
2026-06-02 22:13:13,269 - sector_filter - INFO - 板块行情获取进度: 200/375
2026-06-02 22:13:13,306 - sector_filter - INFO - 板块行情获取进度: 250/375
2026-06-02 22:13:13,343 - sector_filter - INFO - 板块行情获取进度: 300/375
2026-06-02 22:13:13,380 - sector_filter - INFO - 板块行情获取进度: 350/375
2026-06-02 22:13:13,397 - sector_filter - INFO - 板块行情获取进度: 375/375
2026-06-02 22:13:13,398 - sector_filter - INFO - 成功获取 375 个板块的行情数据
2026-06-02 22:13:13,445 - sector_filter - INFO - RPS排名前 20 板块: ['先进封装', '培育钻石', '大飞机', 'PCB概念', '科创次新股', '共封装光学(CPO)', '成飞概念', 'MiniLED', '同花顺果指数', '超导概念', 'PET铜箔', '富士康概念', '中芯国际概念', '光刻机', '铜缆高速连接', '国家大基金持股', '低空经济', '光纤概念', 'OLED', '苹果概念']
2026-06-02 22:13:13,457 - sector_filter - INFO - 板块RPS筛选完成: 前20板块共包含 124 只股票
2026-06-02 22:16:10,493 - sector_filter - INFO - 共获取 362 个板块，开始获取行情数据
2026-06-02 22:16:10,520 - sector_filter - INFO - 板块行情获取进度: 50/362
2026-06-02 22:16:10,552 - sector_filter - INFO - 板块行情获取进度: 100/362
2026-06-02 22:16:10,589 - sector_filter - INFO - 板块行情获取进度: 150/362
2026-06-02 22:16:10,620 - sector_filter - INFO - 板块行情获取进度: 200/362
2026-06-02 22:16:10,649 - sector_filter - INFO - 板块行情获取进度: 250/362
2026-06-02 22:16:10,680 - sector_filter - INFO - 板块行情获取进度: 300/362
2026-06-02 22:16:10,710 - sector_filter - INFO - 板块行情获取进度: 350/362
2026-06-02 22:16:10,717 - sector_filter - INFO - 板块行情获取进度: 362/362
2026-06-02 22:16:10,717 - sector_filter - INFO - 成功获取 362 个板块的行情数据
2026-06-02 22:16:10,760 - sector_filter - INFO - RPS排名前 20 板块: ['先进封装', '培育钻石', '大飞机', 'PCB概念', '科创次新股', '共封装光学(CPO)', '成飞概念', 'MiniLED', '超导概念', 'PET铜箔', '富士康概念', '中芯国际概念', '光刻机', '铜缆高速连接', '国家大基金持股', '低空经济', 'OLED', '苹果概念', '第三代半导体', '存储芯片']
2026-06-02 22:16:11,650 - sector_filter - INFO - 板块RPS筛选完成: 前20板块共包含 117 只股票
2026-06-02 22:17:15,762 - sector_filter - INFO - 共获取 375 个板块，开始获取行情数据
2026-06-02 22:17:15,782 - sector_filter - INFO - 板块行情获取进度: 50/375
2026-06-02 22:17:15,808 - sector_filter - INFO - 板块行情获取进度: 100/375
2026-06-02 22:17:15,833 - sector_filter - INFO - 板块行情获取进度: 150/375
2026-06-02 22:17:15,858 - sector_filter - INFO - 板块行情获取进度: 200/375
2026-06-02 22:17:15,887 - sector_filter - INFO - 板块行情获取进度: 250/375
2026-06-02 22:17:15,912 - sector_filter - INFO - 板块行情获取进度: 300/375
2026-06-02 22:17:15,936 - sector_filter - INFO - 板块行情获取进度: 350/375
2026-06-02 22:17:15,947 - sector_filter - INFO - 板块行情获取进度: 375/375
2026-06-02 22:17:15,947 - sector_filter - INFO - 成功获取 375 个板块的行情数据
2026-06-02 22:17:15,986 - sector_filter - INFO - RPS排名前 20 板块: ['先进封装', '培育钻石', '大飞机', 'PCB概念', '科创次新股', '共封装光学(CPO)', '成飞概念', 'MiniLED', '同花顺果指数', '超导概念', 'PET铜箔', '富士康概念', '中芯国际概念', '光刻机', '铜缆高速连接', '国家大基金持股', '低空经济', '光纤概念', 'OLED', '苹果概念']
2026-06-02 22:17:15,996 - sector_filter - INFO - 板块RPS筛选完成: 前20板块共包含 124 只股票
2026-06-02 22:17:46,697 - sector_filter - INFO - 共获取 375 个板块，开始获取行情数据
2026-06-02 22:17:46,729 - sector_filter - INFO - 板块行情获取进度: 50/375
2026-06-02 22:17:46,765 - sector_filter - INFO - 板块行情获取进度: 100/375
2026-06-02 22:17:46,802 - sector_filter - INFO - 板块行情获取进度: 150/375
2026-06-02 22:17:46,839 - sector_filter - INFO - 板块行情获取进度: 200/375
2026-06-02 22:17:46,876 - sector_filter - INFO - 板块行情获取进度: 250/375
2026-06-02 22:17:46,913 - sector_filter - INFO - 板块行情获取进度: 300/375
2026-06-02 22:17:46,948 - sector_filter - INFO - 板块行情获取进度: 350/375
2026-06-02 22:17:46,965 - sector_filter - INFO - 板块行情获取进度: 375/375
2026-06-02 22:17:46,965 - sector_filter - INFO - 成功获取 375 个板块的行情数据
2026-06-02 22:17:47,006 - sector_filter - INFO - RPS排名前 20 板块: ['先进封装', '培育钻石', '大飞机', 'PCB概念', '科创次新股', '共封装光学(CPO)', '成飞概念', 'MiniLED', '同花顺果指数', '超导概念', 'PET铜箔', '富士康概念', '中芯国际概念', '光刻机', '铜缆高速连接', '国家大基金持股', '低空经济', '光纤概念', 'OLED', '苹果概念']
2026-06-02 22:17:47,022 - sector_filter - INFO - 板块RPS筛选完成: 前20板块共包含 124 只股票
2026-06-02 22:28:09,872 - sector_filter - INFO - 共获取 375 个板块，开始获取行情数据
2026-06-02 22:28:09,907 - sector_filter - INFO - 板块行情获取进度: 50/375
2026-06-02 22:28:09,941 - sector_filter - INFO - 板块行情获取进度: 100/375
2026-06-02 22:28:10,120 - sector_filter - INFO - 板块行情获取进度: 150/375
2026-06-02 22:28:10,371 - sector_filter - INFO - 板块行情获取进度: 200/375
2026-06-02 22:28:10,537 - sector_filter - INFO - 板块行情获取进度: 250/375
2026-06-02 22:28:10,703 - sector_filter - INFO - 板块行情获取进度: 300/375
2026-06-02 22:28:10,956 - sector_filter - INFO - 板块行情获取进度: 350/375
2026-06-02 22:28:11,050 - sector_filter - INFO - 板块行情获取进度: 375/375
2026-06-02 22:28:11,050 - sector_filter - INFO - 成功获取 375 个板块的行情数据
2026-06-02 22:28:11,108 - sector_filter - INFO - RPS排名前 20 板块: ['先进封装', '培育钻石', '大飞机', 'PCB概念', '科创次新股', '共封装光学(CPO)', '成飞概念', 'MiniLED', '同花顺果指数', '超导概念', 'PET铜箔', '富士康概念', '中芯国际概念', '光刻机', '铜缆高速连接', '国家大基金持股', '低空经济', '光纤概念', 'OLED', '苹果概念']
2026-06-02 22:28:11,146 - sector_filter - INFO - 板块RPS筛选完成: 前20板块共包含 124 只股票
2026-06-02 22:30:08,729 - sector_filter - INFO - 共获取 375 个板块，开始获取行情数据
2026-06-02 22:30:08,755 - sector_filter - INFO - 板块行情获取进度: 50/375
2026-06-02 22:30:08,789 - sector_filter - INFO - 板块行情获取进度: 100/375
2026-06-02 22:30:08,973 - sector_filter - INFO - 板块行情获取进度: 150/375
2026-06-02 22:30:09,129 - sector_filter - INFO - 板块行情获取进度: 200/375
2026-06-02 22:30:09,349 - sector_filter - INFO - 板块行情获取进度: 250/375
2026-06-02 22:30:09,507 - sector_filter - INFO - 板块行情获取进度: 300/375
2026-06-02 22:30:09,671 - sector_filter - INFO - 板块行情获取进度: 350/375
2026-06-02 22:30:09,820 - sector_filter - INFO - 板块行情获取进度: 375/375
2026-06-02 22:30:09,820 - sector_filter - INFO - 成功获取 375 个板块的行情数据
2026-06-02 22:30:09,861 - sector_filter - INFO - RPS排名前 20 板块: ['先进封装', '培育钻石', '大飞机', 'PCB概念', '科创次新股', '共封装光学(CPO)', '成飞概念', 'MiniLED', '同花顺果指数', '超导概念', 'PET铜箔', '富士康概念', '中芯国际概念', '光刻机', '铜缆高速连接', '国家大基金持股', '低空经济', '光纤概念', 'OLED', '苹果概念']
2026-06-02 22:30:09,893 - sector_filter - INFO - 板块RPS筛选完成: 前20板块共包含 124 只股票
2026-06-02 23:01:05,179 - sector_filter - INFO - 共获取 375 个板块，开始获取行情数据
2026-06-02 23:01:05,205 - sector_filter - INFO - 板块行情获取进度: 50/375
2026-06-02 23:01:05,242 - sector_filter - INFO - 板块行情获取进度: 100/375
2026-06-02 23:01:05,399 - sector_filter - INFO - 板块行情获取进度: 150/375
2026-06-02 23:01:05,553 - sector_filter - INFO - 板块行情获取进度: 200/375
2026-06-02 23:01:05,775 - sector_filter - INFO - 板块行情获取进度: 250/375
2026-06-02 23:01:05,929 - sector_filter - INFO - 板块行情获取进度: 300/375
2026-06-02 23:01:06,154 - sector_filter - INFO - 板块行情获取进度: 350/375
2026-06-02 23:01:06,227 - sector_filter - INFO - 板块行情获取进度: 375/375
2026-06-02 23:01:06,227 - sector_filter - INFO - 成功获取 375 个板块的行情数据
2026-06-02 23:01:06,267 - sector_filter - INFO - RPS排名前 20 板块: ['先进封装', '培育钻石', '大飞机', 'PCB概念', '科创次新股', '共封装光学(CPO)', '成飞概念', 'MiniLED', '同花顺果指数', '超导概念', 'PET铜箔', '富士康概念', '中芯国际概念', '光刻机', '铜缆高速连接', '国家大基金持股', '低空经济', '光纤概念', 'OLED', '苹果概念']
2026-06-02 23:01:06,305 - sector_filter - INFO - 板块RPS筛选完成: 前20板块共包含 124 只股票
2026-06-02 23:02:26,273 - sector_filter - INFO - 共获取 375 个板块，开始获取行情数据
2026-06-02 23:02:26,302 - sector_filter - INFO - 板块行情获取进度: 50/375
2026-06-02 23:02:26,338 - sector_filter - INFO - 板块行情获取进度: 100/375
2026-06-02 23:02:26,364 - sector_filter - INFO - 板块行情获取进度: 150/375
2026-06-02 23:02:26,399 - sector_filter - INFO - 板块行情获取进度: 200/375
2026-06-02 23:02:26,430 - sector_filter - INFO - 板块行情获取进度: 250/375
2026-06-02 23:02:26,462 - sector_filter - INFO - 板块行情获取进度: 300/375
2026-06-02 23:02:26,491 - sector_filter - INFO - 板块行情获取进度: 350/375
2026-06-02 23:02:26,510 - sector_filter - INFO - 板块行情获取进度: 375/375
2026-06-02 23:02:26,510 - sector_filter - INFO - 成功获取 375 个板块的行情数据
2026-06-02 23:02:26,575 - sector_filter - INFO - RPS排名前 20 板块: ['先进封装', '培育钻石', '大飞机', 'PCB概念', '科创次新股', '共封装光学(CPO)', '成飞概念', 'MiniLED', '同花顺果指数', '超导概念', 'PET铜箔', '富士康概念', '中芯国际概念', '光刻机', '铜缆高速连接', '国家大基金持股', '低空经济', '光纤概念', 'OLED', '苹果概念']
2026-06-02 23:02:26,587 - sector_filter - INFO - 板块RPS筛选完成: 前20板块共包含 124 只股票
2026-06-02 23:03:17,914 - sector_filter - INFO - 共获取 375 个板块，开始获取行情数据
2026-06-02 23:03:17,948 - sector_filter - INFO - 板块行情获取进度: 50/375
2026-06-02 23:03:17,985 - sector_filter - INFO - 板块行情获取进度: 100/375
2026-06-02 23:03:18,020 - sector_filter - INFO - 板块行情获取进度: 150/375
2026-06-02 23:03:18,055 - sector_filter - INFO - 板块行情获取进度: 200/375
2026-06-02 23:03:18,094 - sector_filter - INFO - 板块行情获取进度: 250/375
2026-06-02 23:03:18,137 - sector_filter - INFO - 板块行情获取进度: 300/375
2026-06-02 23:03:18,192 - sector_filter - INFO - 板块行情获取进度: 350/375
2026-06-02 23:03:18,213 - sector_filter - INFO - 板块行情获取进度: 375/375
2026-06-02 23:03:18,213 - sector_filter - INFO - 成功获取 375 个板块的行情数据
2026-06-02 23:03:18,270 - sector_filter - INFO - RPS排名前 20 板块: ['先进封装', '培育钻石', '大飞机', 'PCB概念', '科创次新股', '共封装光学(CPO)', '成飞概念', 'MiniLED', '同花顺果指数', '超导概念', 'PET铜箔', '富士康概念', '中芯国际概念', '光刻机', '铜缆高速连接', '国家大基金持股', '低空经济', '光纤概念', 'OLED', '苹果概念']
2026-06-02 23:03:18,281 - sector_filter - INFO - 板块RPS筛选完成: 前20板块共包含 124 只股票
2026-06-02 23:18:02,348 - sector_filter - INFO - 共获取 375 个板块，开始获取行情数据
2026-06-02 23:18:02,384 - sector_filter - INFO - 板块行情获取进度: 50/375
2026-06-02 23:18:02,427 - sector_filter - INFO - 板块行情获取进度: 100/375
2026-06-02 23:18:02,467 - sector_filter - INFO - 板块行情获取进度: 150/375
2026-06-02 23:18:02,505 - sector_filter - INFO - 板块行情获取进度: 200/375
2026-06-02 23:18:02,542 - sector_filter - INFO - 板块行情获取进度: 250/375
2026-06-02 23:18:02,609 - sector_filter - INFO - 板块行情获取进度: 300/375
2026-06-02 23:18:02,683 - sector_filter - INFO - 板块行情获取进度: 350/375
2026-06-02 23:18:02,701 - sector_filter - INFO - 板块行情获取进度: 375/375
2026-06-02 23:18:02,701 - sector_filter - INFO - 成功获取 375 个板块的行情数据
2026-06-02 23:18:02,767 - sector_filter - INFO - RPS排名前 20 板块: ['先进封装', '培育钻石', '大飞机', 'PCB概念', '科创次新股', '共封装光学(CPO)', '成飞概念', 'MiniLED', '同花顺果指数', '超导概念', 'PET铜箔', '富士康概念', '中芯国际概念', '光刻机', '铜缆高速连接', '国家大基金持股', '低空经济', '光纤概念', 'OLED', '苹果概念']
2026-06-02 23:18:02,781 - sector_filter - INFO - 板块RPS筛选完成: 前20板块共包含 124 只股票
2026-06-02 23:20:02,290 - sector_filter - INFO - 共获取 362 个板块，开始获取行情数据
2026-06-02 23:20:02,326 - sector_filter - INFO - 板块行情获取进度: 50/362
2026-06-02 23:20:02,366 - sector_filter - INFO - 板块行情获取进度: 100/362
2026-06-02 23:20:02,404 - sector_filter - INFO - 板块行情获取进度: 150/362
2026-06-02 23:20:02,444 - sector_filter - INFO - 板块行情获取进度: 200/362
2026-06-02 23:20:02,483 - sector_filter - INFO - 板块行情获取进度: 250/362
2026-06-02 23:20:02,524 - sector_filter - INFO - 板块行情获取进度: 300/362
2026-06-02 23:20:02,562 - sector_filter - INFO - 板块行情获取进度: 350/362
2026-06-02 23:20:02,571 - sector_filter - INFO - 板块行情获取进度: 362/362
2026-06-02 23:20:02,571 - sector_filter - INFO - 成功获取 362 个板块的行情数据
2026-06-02 23:20:02,617 - sector_filter - INFO - RPS排名前 20 板块: ['先进封装', '培育钻石', '大飞机', 'PCB概念', '科创次新股', '共封装光学(CPO)', '成飞概念', 'MiniLED', '超导概念', 'PET铜箔', '富士康概念', '中芯国际概念', '光刻机', '铜缆高速连接', '国家大基金持股', '低空经济', 'OLED', '苹果概念', '第三代半导体', '存储芯片']
2026-06-02 23:20:02,630 - sector_filter - INFO - 板块RPS筛选完成: 前20板块共包含 117 只股票
2026-06-02 23:24:19,561 - sector_filter - INFO - 共获取 375 个板块，开始获取行情数据
2026-06-02 23:24:19,646 - sector_filter - INFO - 板块行情获取进度: 50/375
2026-06-02 23:24:19,686 - sector_filter - INFO - 板块行情获取进度: 100/375
2026-06-02 23:24:19,725 - sector_filter - INFO - 板块行情获取进度: 150/375
2026-06-02 23:24:19,774 - sector_filter - INFO - 板块行情获取进度: 200/375
2026-06-02 23:24:19,817 - sector_filter - INFO - 板块行情获取进度: 250/375
2026-06-02 23:24:19,858 - sector_filter - INFO - 板块行情获取进度: 300/375
2026-06-02 23:24:19,905 - sector_filter - INFO - 板块行情获取进度: 350/375
2026-06-02 23:24:19,925 - sector_filter - INFO - 板块行情获取进度: 375/375
2026-06-02 23:24:19,925 - sector_filter - INFO - 成功获取 375 个板块的行情数据
2026-06-02 23:24:19,973 - sector_filter - INFO - RPS排名前 20 板块: ['先进封装', '培育钻石', '大飞机', 'PCB概念', '科创次新股', '共封装光学(CPO)', '成飞概念', 'MiniLED', '同花顺果指数', '超导概念', 'PET铜箔', '富士康概念', '中芯国际概念', '光刻机', '铜缆高速连接', '国家大基金持股', '低空经济', '光纤概念', 'OLED', '苹果概念']
2026-06-02 23:24:19,989 - sector_filter - INFO - 板块RPS筛选完成: 前20板块共包含 124 只股票
2026-06-02 23:33:20,388 - sector_filter - INFO - 共获取 375 个板块，开始获取行情数据
2026-06-02 23:33:20,423 - sector_filter - INFO - 板块行情获取进度: 50/375
2026-06-02 23:33:20,463 - sector_filter - INFO - 板块行情获取进度: 100/375
2026-06-02 23:33:20,506 - sector_filter - INFO - 板块行情获取进度: 150/375
2026-06-02 23:33:20,545 - sector_filter - INFO - 板块行情获取进度: 200/375
2026-06-02 23:33:20,583 - sector_filter - INFO - 板块行情获取进度: 250/375
2026-06-02 23:33:20,621 - sector_filter - INFO - 板块行情获取进度: 300/375
2026-06-02 23:33:20,660 - sector_filter - INFO - 板块行情获取进度: 350/375
2026-06-02 23:33:20,679 - sector_filter - INFO - 板块行情获取进度: 375/375
2026-06-02 23:33:20,679 - sector_filter - INFO - 成功获取 375 个板块的行情数据
2026-06-02 23:33:20,733 - sector_filter - INFO - RPS排名前 20 板块: ['先进封装', '培育钻石', '大飞机', 'PCB概念', '科创次新股', '共封装光学(CPO)', '成飞概念', 'MiniLED', '同花顺果指数', '超导概念', 'PET铜箔', '富士康概念', '中芯国际概念', '光刻机', '铜缆高速连接', '国家大基金持股', '低空经济', '光纤概念', 'OLED', '苹果概念']
2026-06-02 23:33:20,748 - sector_filter - INFO - 板块RPS筛选完成: 前20板块共包含 124 只股票
2026-06-02 23:41:50,376 - sector_filter - INFO - 共获取 375 个板块，开始获取行情数据
2026-06-02 23:41:50,414 - sector_filter - INFO - 板块行情获取进度: 50/375
2026-06-02 23:41:50,452 - sector_filter - INFO - 板块行情获取进度: 100/375
2026-06-02 23:41:50,489 - sector_filter - INFO - 板块行情获取进度: 150/375
2026-06-02 23:41:50,530 - sector_filter - INFO - 板块行情获取进度: 200/375
2026-06-02 23:41:50,568 - sector_filter - INFO - 板块行情获取进度: 250/375
2026-06-02 23:41:50,610 - sector_filter - INFO - 板块行情获取进度: 300/375
2026-06-02 23:41:50,652 - sector_filter - INFO - 板块行情获取进度: 350/375
2026-06-02 23:41:50,673 - sector_filter - INFO - 板块行情获取进度: 375/375
2026-06-02 23:41:50,673 - sector_filter - INFO - 成功获取 375 个板块的行情数据
2026-06-02 23:41:50,724 - sector_filter - INFO - RPS排名前 20 板块: ['先进封装', '培育钻石', '大飞机', 'PCB概念', '科创次新股', '共封装光学(CPO)', '成飞概念', 'MiniLED', '同花顺果指数', '超导概念', 'PET铜箔', '富士康概念', '中芯国际概念', '光刻机', '铜缆高速连接', '国家大基金持股', '低空经济', '光纤概念', 'OLED', '苹果概念']
2026-06-02 23:41:50,740 - sector_filter - INFO - 板块RPS筛选完成: 前20板块共包含 124 只股票
2026-06-03 17:00:14,878 - sector_filter - INFO - 共获取 375 个板块，开始获取行情数据
2026-06-03 17:00:14,906 - sector_filter - INFO - 板块行情获取进度: 50/375
2026-06-03 17:00:14,936 - sector_filter - INFO - 板块行情获取进度: 100/375
2026-06-03 17:00:14,965 - sector_filter - INFO - 板块行情获取进度: 150/375
2026-06-03 17:00:14,994 - sector_filter - INFO - 板块行情获取进度: 200/375
2026-06-03 17:00:15,024 - sector_filter - INFO - 板块行情获取进度: 250/375
2026-06-03 17:00:15,054 - sector_filter - INFO - 板块行情获取进度: 300/375
2026-06-03 17:00:15,082 - sector_filter - INFO - 板块行情获取进度: 350/375
2026-06-03 17:00:15,097 - sector_filter - INFO - 板块行情获取进度: 375/375
2026-06-03 17:00:15,097 - sector_filter - INFO - 成功获取 375 个板块的行情数据
2026-06-03 17:00:15,133 - sector_filter - INFO - RPS排名前 20 板块: ['先进封装', '培育钻石', '大飞机', 'PCB概念', '科创次新股', '共封装光学(CPO)', '成飞概念', 'MiniLED', '同花顺果指数', '超导概念', 'PET铜箔', '富士康概念', '中芯国际概念', '光刻机', '铜缆高速连接', '国家大基金持股', '低空经济', '光纤概念', 'OLED', '苹果概念']
2026-06-03 17:00:15,145 - sector_filter - INFO - 板块RPS筛选完成: 前20板块共包含 124 只股票
2026-06-03 17:52:56,155 - sector_filter - INFO - 共获取 372 个板块，开始获取行情数据
2026-06-03 17:52:56,192 - sector_filter - INFO - 板块行情获取进度: 50/372
2026-06-03 17:52:56,234 - sector_filter - INFO - 板块行情获取进度: 100/372
2026-06-03 17:52:56,268 - sector_filter - INFO - 板块行情获取进度: 150/372
2026-06-03 17:52:56,303 - sector_filter - INFO - 板块行情获取进度: 200/372
2026-06-03 17:52:56,340 - sector_filter - INFO - 板块行情获取进度: 250/372
2026-06-03 17:52:56,378 - sector_filter - INFO - 板块行情获取进度: 300/372
2026-06-03 17:52:56,414 - sector_filter - INFO - 板块行情获取进度: 350/372
2026-06-03 17:52:56,434 - sector_filter - INFO - 板块行情获取进度: 372/372
2026-06-03 17:52:56,434 - sector_filter - INFO - 成功获取 372 个板块的行情数据
2026-06-03 17:52:56,481 - sector_filter - INFO - RPS排名前 20 板块: ['先进封装', '培育钻石', '大飞机', 'PCB概念', '科创次新股', '共封装光学(CPO)', '成飞概念', 'MiniLED', '超导概念', 'PET铜箔', '富士康概念', '中芯国际概念', '光刻机', '铜缆高速连接', '国家大基金持股', '低空经济', '光纤概念', 'OLED', '苹果概念', '第三代半导体']
2026-06-03 17:52:56,496 - sector_filter - INFO - 板块RPS筛选完成: 前20板块共包含 118 只股票
2026-06-05 07:37:37,293 - sector_filter - INFO - 板块行情获取进度(concept): 50/372
2026-06-05 07:37:37,333 - sector_filter - INFO - 板块行情获取进度(concept): 100/372
2026-06-05 07:37:37,372 - sector_filter - INFO - 板块行情获取进度(concept): 150/372
2026-06-05 07:37:37,413 - sector_filter - INFO - 板块行情获取进度(concept): 200/372
2026-06-05 07:37:37,450 - sector_filter - INFO - 板块行情获取进度(concept): 250/372
2026-06-05 07:37:37,488 - sector_filter - INFO - 板块行情获取进度(concept): 300/372
2026-06-05 07:37:37,524 - sector_filter - INFO - 板块行情获取进度(concept): 350/372
2026-06-05 07:37:37,539 - sector_filter - INFO - 板块行情获取进度(concept): 372/372
2026-06-05 07:37:37,539 - sector_filter - INFO - 成功获取 372 个(concept)板块的行情数据
2026-06-05 07:37:37,577 - sector_filter - INFO - RPS排名前 20 板块 (concept): ['先进封装', '培育钻石', '大飞机', 'PCB概念', '科创次新股', '共封装光学(CPO)', '成飞概念', 'MiniLED', '超导概念', 'PET铜箔']
2026-06-05 07:37:37,610 - sector_filter - INFO - 板块RPS筛选完成(concept): 前20板块共包含 118 只股票
2026-06-05 17:00:23,180 - sector_filter - INFO - 板块行情获取进度(concept): 50/375
2026-06-05 17:00:23,874 - sector_filter - INFO - 板块行情获取进度(concept): 100/375
2026-06-05 17:00:24,080 - sector_filter - INFO - 板块行情获取进度(concept): 150/375
2026-06-05 17:00:24,159 - sector_filter - INFO - 板块行情获取进度(concept): 200/375
2026-06-05 17:00:24,238 - sector_filter - INFO - 板块行情获取进度(concept): 250/375
2026-06-05 17:00:24,339 - sector_filter - INFO - 板块行情获取进度(concept): 300/375
2026-06-05 17:00:24,415 - sector_filter - INFO - 板块行情获取进度(concept): 350/375
2026-06-05 17:00:24,451 - sector_filter - INFO - 板块行情获取进度(concept): 375/375
2026-06-05 17:00:24,451 - sector_filter - INFO - 成功获取 375 个(concept)板块的行情数据
2026-06-05 17:00:24,490 - sector_filter - INFO - RPS排名前 20 板块 (concept): ['先进封装', '培育钻石', '大飞机', 'PCB概念', '科创次新股', '共封装光学(CPO)', '成飞概念', 'MiniLED', '同花顺果指数', '超导概念']
2026-06-05 17:00:24,506 - sector_filter - INFO - 板块RPS筛选完成(concept): 前20板块共包含 124 只股票
