2026-06-02 22:28:12,246 - stock_analyzer - INFO - 手工:分析进度: 2/2 (已完成 2 只)
2026-06-02 22:28:12,247 - stock_analyzer - INFO - 手工:分析完成: 2只 | 核心(MACD∩ZJTJ)=2只 | MACD=2 | ZJTJ=2 | KDJ=2 | 财务=0
2026-06-02 22:30:10,823 - stock_analyzer - INFO - 手工:分析进度: 2/2 (已完成 2 只)
2026-06-02 22:30:10,824 - stock_analyzer - INFO - 手工:分析完成: 2只 | 核心(MACD∩ZJTJ)=2只 | MACD=2 | ZJTJ=2 | KDJ=2 | 财务=0
2026-06-02 22:31:35,806 - stock_analyzer - INFO - 龙头:分析进度: 50/512 (已完成 50 只)
2026-06-02 22:33:30,432 - stock_analyzer - INFO - 龙头:分析进度: 100/512 (已完成 100 只)
2026-06-02 22:35:34,662 - stock_analyzer - INFO - 龙头:分析进度: 150/512 (已完成 150 只)
2026-06-02 22:37:14,019 - stock_analyzer - INFO - 龙头:分析进度: 200/512 (已完成 200 只)
2026-06-02 22:39:18,710 - stock_analyzer - INFO - 龙头:分析进度: 250/512 (已完成 250 只)
2026-06-02 22:40:58,351 - stock_analyzer - INFO - 龙头:分析进度: 300/512 (已完成 300 只)
2026-06-02 22:42:50,725 - stock_analyzer - INFO - 龙头:分析进度: 350/512 (已完成 350 只)
2026-06-02 22:44:39,550 - stock_analyzer - INFO - 龙头:分析进度: 400/512 (已完成 400 只)
2026-06-02 22:45:39,975 - stock_analyzer - WARNING - 分析 920374 失败: 'date'
2026-06-02 22:46:33,514 - stock_analyzer - INFO - 龙头:分析进度: 450/512 (已完成 449 只)
2026-06-02 22:48:14,815 - stock_analyzer - INFO - 龙头:分析进度: 500/512 (已完成 499 只)
2026-06-02 22:48:48,940 - stock_analyzer - INFO - 龙头:分析进度: 512/512 (已完成 511 只)
2026-06-02 22:48:48,942 - stock_analyzer - INFO - 龙头:分析完成: 511只 | 核心(MACD∩ZJTJ)=24只 | MACD=53 | ZJTJ=43 | KDJ=214 | 财务=2
2026-06-02 23:01:07,316 - stock_analyzer - INFO - 手工:分析进度: 2/2 (已完成 2 只)
2026-06-02 23:01:07,317 - stock_analyzer - INFO - 手工:分析完成: 2只 | 核心(MACD∩ZJTJ)=2只 | MACD=2 | ZJTJ=2 | KDJ=2 | 财务=0
2026-06-02 23:01:07,549 - stock_analyzer - INFO - 龙头:分析进度: 50/514 (已完成 50 只)
2026-06-02 23:01:07,768 - stock_analyzer - INFO - 龙头:分析进度: 100/514 (已完成 100 只)
2026-06-02 23:01:08,028 - stock_analyzer - INFO - 龙头:分析进度: 150/514 (已完成 150 只)
2026-06-02 23:01:08,295 - stock_analyzer - INFO - 龙头:分析进度: 200/514 (已完成 200 只)
2026-06-02 23:01:08,522 - stock_analyzer - INFO - 龙头:分析进度: 250/514 (已完成 250 只)
2026-06-02 23:01:08,727 - stock_analyzer - INFO - 龙头:分析进度: 300/514 (已完成 300 只)
2026-06-02 23:01:08,952 - stock_analyzer - INFO - 龙头:分析进度: 350/514 (已完成 350 只)
2026-06-02 23:01:09,174 - stock_analyzer - INFO - 龙头:分析进度: 400/514 (已完成 400 只)
2026-06-02 23:01:12,492 - stock_analyzer - WARNING - 分析 920374 失败: 'date'
2026-06-02 23:01:12,625 - stock_analyzer - INFO - 龙头:分析进度: 450/514 (已完成 449 只)
2026-06-02 23:01:12,917 - stock_analyzer - INFO - 龙头:分析进度: 500/514 (已完成 499 只)
2026-06-02 23:01:12,997 - stock_analyzer - INFO - 龙头:分析进度: 514/514 (已完成 513 只)
2026-06-02 23:01:12,999 - stock_analyzer - INFO - 龙头:分析完成: 513只 | 核心(MACD∩ZJTJ)=26只 | MACD=55 | ZJTJ=45 | KDJ=215 | 财务=2
2026-06-02 23:02:27,485 - stock_analyzer - INFO - 手工:分析进度: 2/2 (已完成 2 只)
2026-06-02 23:02:27,486 - stock_analyzer - INFO - 手工:分析完成: 2只 | 核心(MACD∩ZJTJ)=2只 | MACD=2 | ZJTJ=2 | KDJ=2 | 财务=0
2026-06-02 23:02:27,744 - stock_analyzer - INFO - 龙头:分析进度: 50/514 (已完成 50 只)
2026-06-02 23:02:27,994 - stock_analyzer - INFO - 龙头:分析进度: 100/514 (已完成 100 只)
2026-06-02 23:02:28,291 - stock_analyzer - INFO - 龙头:分析进度: 150/514 (已完成 150 只)
2026-06-02 23:02:28,560 - stock_analyzer - INFO - 龙头:分析进度: 200/514 (已完成 200 只)
2026-06-02 23:02:28,849 - stock_analyzer - INFO - 龙头:分析进度: 250/514 (已完成 250 只)
2026-06-02 23:02:29,111 - stock_analyzer - INFO - 龙头:分析进度: 300/514 (已完成 300 只)
2026-06-02 23:02:29,376 - stock_analyzer - INFO - 龙头:分析进度: 350/514 (已完成 350 只)
2026-06-02 23:02:29,666 - stock_analyzer - INFO - 龙头:分析进度: 400/514 (已完成 400 只)
2026-06-02 23:02:32,965 - stock_analyzer - WARNING - 分析 920374 失败: 'date'
2026-06-02 23:02:33,081 - stock_analyzer - INFO - 龙头:分析进度: 450/514 (已完成 449 只)
2026-06-02 23:02:33,349 - stock_analyzer - INFO - 龙头:分析进度: 500/514 (已完成 499 只)
2026-06-02 23:02:33,433 - stock_analyzer - INFO - 龙头:分析进度: 514/514 (已完成 513 只)
2026-06-02 23:02:33,435 - stock_analyzer - INFO - 龙头:分析完成: 513只 | 核心(MACD∩ZJTJ)=26只 | MACD=55 | ZJTJ=45 | KDJ=215 | 财务=2
2026-06-02 23:03:19,168 - stock_analyzer - INFO - 手工:分析进度: 2/2 (已完成 2 只)
2026-06-02 23:03:19,169 - stock_analyzer - INFO - 手工:分析完成: 2只 | 核心(MACD∩ZJTJ)=2只 | MACD=2 | ZJTJ=2 | KDJ=2 | 财务=0
2026-06-02 23:03:19,425 - stock_analyzer - INFO - 龙头:分析进度: 50/514 (已完成 50 只)
2026-06-02 23:03:19,685 - stock_analyzer - INFO - 龙头:分析进度: 100/514 (已完成 100 只)
2026-06-02 23:03:19,941 - stock_analyzer - INFO - 龙头:分析进度: 150/514 (已完成 150 只)
2026-06-02 23:03:20,220 - stock_analyzer - INFO - 龙头:分析进度: 200/514 (已完成 200 只)
2026-06-02 23:03:20,476 - stock_analyzer - INFO - 龙头:分析进度: 250/514 (已完成 250 只)
2026-06-02 23:03:20,716 - stock_analyzer - INFO - 龙头:分析进度: 300/514 (已完成 300 只)
2026-06-02 23:03:20,959 - stock_analyzer - INFO - 龙头:分析进度: 350/514 (已完成 350 只)
2026-06-02 23:03:21,206 - stock_analyzer - INFO - 龙头:分析进度: 400/514 (已完成 400 只)
2026-06-02 23:03:24,452 - stock_analyzer - WARNING - 分析 920374 失败: 'date'
2026-06-02 23:03:24,563 - stock_analyzer - INFO - 龙头:分析进度: 450/514 (已完成 449 只)
2026-06-02 23:03:24,827 - stock_analyzer - INFO - 龙头:分析进度: 500/514 (已完成 499 只)
2026-06-02 23:03:24,898 - stock_analyzer - INFO - 龙头:分析进度: 514/514 (已完成 513 只)
2026-06-02 23:03:24,900 - stock_analyzer - INFO - 龙头:分析完成: 513只 | 核心(MACD∩ZJTJ)=26只 | MACD=55 | ZJTJ=45 | KDJ=215 | 财务=2
2026-06-02 23:18:03,578 - stock_analyzer - INFO - 手工:分析进度: 2/2 (已完成 2 只)
2026-06-02 23:18:03,579 - stock_analyzer - INFO - 手工:分析完成: 2只 | 核心(MACD∩ZJTJ)=2只 | MACD=2 | ZJTJ=2 | KDJ=2 | 财务=0
2026-06-02 23:18:03,822 - stock_analyzer - INFO - 龙头:分析进度: 50/514 (已完成 50 只)
2026-06-02 23:18:04,061 - stock_analyzer - INFO - 龙头:分析进度: 100/514 (已完成 100 只)
2026-06-02 23:18:04,314 - stock_analyzer - INFO - 龙头:分析进度: 150/514 (已完成 150 只)
2026-06-02 23:18:04,556 - stock_analyzer - INFO - 龙头:分析进度: 200/514 (已完成 200 只)
2026-06-02 23:18:04,802 - stock_analyzer - INFO - 龙头:分析进度: 250/514 (已完成 250 只)
2026-06-02 23:18:05,037 - stock_analyzer - INFO - 龙头:分析进度: 300/514 (已完成 300 只)
2026-06-02 23:18:05,267 - stock_analyzer - INFO - 龙头:分析进度: 350/514 (已完成 350 只)
2026-06-02 23:18:05,503 - stock_analyzer - INFO - 龙头:分析进度: 400/514 (已完成 400 只)
2026-06-02 23:18:08,780 - stock_analyzer - WARNING - 分析 920374 失败: 'date'
2026-06-02 23:18:08,895 - stock_analyzer - INFO - 龙头:分析进度: 450/514 (已完成 449 只)
2026-06-02 23:18:09,147 - stock_analyzer - INFO - 龙头:分析进度: 500/514 (已完成 499 只)
2026-06-02 23:18:09,219 - stock_analyzer - INFO - 龙头:分析进度: 514/514 (已完成 513 只)
2026-06-02 23:18:09,222 - stock_analyzer - INFO - 龙头:分析完成: 513只 | 核心(MACD∩ZJTJ)=26只 | MACD=55 | ZJTJ=45 | KDJ=215 | 财务=2
2026-06-02 23:20:03,433 - stock_analyzer - INFO - 手工:分析进度: 2/2 (已完成 2 只)
2026-06-02 23:20:03,434 - stock_analyzer - INFO - 手工:分析完成: 2只 | 核心(MACD∩ZJTJ)=2只 | MACD=2 | ZJTJ=2 | KDJ=2 | 财务=0
2026-06-02 23:20:03,677 - stock_analyzer - INFO - 龙头:分析进度: 50/514 (已完成 50 只)
2026-06-02 23:20:03,920 - stock_analyzer - INFO - 龙头:分析进度: 100/514 (已完成 100 只)
2026-06-02 23:20:04,173 - stock_analyzer - INFO - 龙头:分析进度: 150/514 (已完成 150 只)
2026-06-02 23:20:04,423 - stock_analyzer - INFO - 龙头:分析进度: 200/514 (已完成 200 只)
2026-06-02 23:20:04,716 - stock_analyzer - INFO - 龙头:分析进度: 250/514 (已完成 250 只)
2026-06-02 23:20:05,005 - stock_analyzer - INFO - 龙头:分析进度: 300/514 (已完成 300 只)
2026-06-02 23:20:05,251 - stock_analyzer - INFO - 龙头:分析进度: 350/514 (已完成 350 只)
2026-06-02 23:20:05,499 - stock_analyzer - INFO - 龙头:分析进度: 400/514 (已完成 400 只)
2026-06-02 23:20:08,988 - stock_analyzer - WARNING - 分析 920374 失败: 'date'
2026-06-02 23:20:09,119 - stock_analyzer - INFO - 龙头:分析进度: 450/514 (已完成 449 只)
2026-06-02 23:20:09,374 - stock_analyzer - INFO - 龙头:分析进度: 500/514 (已完成 499 只)
2026-06-02 23:20:09,451 - stock_analyzer - INFO - 龙头:分析进度: 514/514 (已完成 513 只)
2026-06-02 23:20:09,453 - stock_analyzer - INFO - 龙头:分析完成: 513只 | 核心(MACD∩ZJTJ)=26只 | MACD=55 | ZJTJ=45 | KDJ=215 | 财务=2
2026-06-02 23:24:20,869 - stock_analyzer - INFO - 手工:分析进度: 2/2 (已完成 2 只)
2026-06-02 23:24:20,869 - stock_analyzer - INFO - 手工:分析完成: 2只 | 核心(MACD∩ZJTJ)=2只 | MACD=2 | ZJTJ=2 | KDJ=2 | 财务=0
2026-06-02 23:24:21,118 - stock_analyzer - INFO - 龙头:分析进度: 50/514 (已完成 50 只)
2026-06-02 23:24:21,359 - stock_analyzer - INFO - 龙头:分析进度: 100/514 (已完成 100 只)
2026-06-02 23:24:21,609 - stock_analyzer - INFO - 龙头:分析进度: 150/514 (已完成 150 只)
2026-06-02 23:24:21,890 - stock_analyzer - INFO - 龙头:分析进度: 200/514 (已完成 200 只)
2026-06-02 23:24:22,130 - stock_analyzer - INFO - 龙头:分析进度: 250/514 (已完成 250 只)
2026-06-02 23:24:22,436 - stock_analyzer - INFO - 龙头:分析进度: 300/514 (已完成 300 只)
2026-06-02 23:24:22,704 - stock_analyzer - INFO - 龙头:分析进度: 350/514 (已完成 350 只)
2026-06-02 23:24:22,984 - stock_analyzer - INFO - 龙头:分析进度: 400/514 (已完成 400 只)
2026-06-02 23:24:26,234 - stock_analyzer - WARNING - 分析 920374 失败: 'date'
2026-06-02 23:24:26,356 - stock_analyzer - INFO - 龙头:分析进度: 450/514 (已完成 449 只)
2026-06-02 23:24:26,630 - stock_analyzer - INFO - 龙头:分析进度: 500/514 (已完成 499 只)
2026-06-02 23:24:26,708 - stock_analyzer - INFO - 龙头:分析进度: 514/514 (已完成 513 只)
2026-06-02 23:24:26,710 - stock_analyzer - INFO - 龙头:分析完成: 513只 | 核心(MACD∩ZJTJ)=26只 | MACD=55 | ZJTJ=45 | KDJ=215 | 财务=2
2026-06-02 23:33:21,588 - stock_analyzer - INFO - 手工:分析进度: 2/2 (已完成 2 只)
2026-06-02 23:33:21,589 - stock_analyzer - INFO - 手工:分析完成: 2只 | 核心(MACD∩ZJTJ)=2只 | MACD=2 | ZJTJ=2 | KDJ=2 | 财务=0
2026-06-02 23:33:21,831 - stock_analyzer - INFO - 龙头:分析进度: 50/514 (已完成 50 只)
2026-06-02 23:33:22,088 - stock_analyzer - INFO - 龙头:分析进度: 100/514 (已完成 100 只)
2026-06-02 23:33:22,348 - stock_analyzer - INFO - 龙头:分析进度: 150/514 (已完成 150 只)
2026-06-02 23:33:22,608 - stock_analyzer - INFO - 龙头:分析进度: 200/514 (已完成 200 只)
2026-06-02 23:33:22,880 - stock_analyzer - INFO - 龙头:分析进度: 250/514 (已完成 250 只)
2026-06-02 23:33:23,112 - stock_analyzer - INFO - 龙头:分析进度: 300/514 (已完成 300 只)
2026-06-02 23:33:23,347 - stock_analyzer - INFO - 龙头:分析进度: 350/514 (已完成 350 只)
2026-06-02 23:33:23,587 - stock_analyzer - INFO - 龙头:分析进度: 400/514 (已完成 400 只)
2026-06-02 23:33:27,167 - stock_analyzer - WARNING - 分析 920374 失败: 'date'
2026-06-02 23:33:27,292 - stock_analyzer - INFO - 龙头:分析进度: 450/514 (已完成 449 只)
2026-06-02 23:33:27,559 - stock_analyzer - INFO - 龙头:分析进度: 500/514 (已完成 499 只)
2026-06-02 23:33:27,629 - stock_analyzer - INFO - 龙头:分析进度: 514/514 (已完成 513 只)
2026-06-02 23:33:27,631 - stock_analyzer - INFO - 龙头:分析完成: 513只 | 核心(MACD∩ZJTJ)=26只 | MACD=55 | ZJTJ=45 | KDJ=215 | 财务=2
2026-06-02 23:41:51,616 - stock_analyzer - INFO - 手工:分析进度: 2/2 (已完成 2 只)
2026-06-02 23:41:51,616 - stock_analyzer - INFO - 手工:分析完成: 2只 | 核心(MACD∩ZJTJ)=2只 | MACD=2 | ZJTJ=2 | KDJ=2 | 财务=0
2026-06-02 23:41:51,863 - stock_analyzer - INFO - 龙头:分析进度: 50/514 (已完成 50 只)
2026-06-02 23:41:52,110 - stock_analyzer - INFO - 龙头:分析进度: 100/514 (已完成 100 只)
2026-06-02 23:41:52,368 - stock_analyzer - INFO - 龙头:分析进度: 150/514 (已完成 150 只)
2026-06-02 23:41:52,617 - stock_analyzer - INFO - 龙头:分析进度: 200/514 (已完成 200 只)
2026-06-02 23:41:52,879 - stock_analyzer - INFO - 龙头:分析进度: 250/514 (已完成 250 只)
2026-06-02 23:41:53,125 - stock_analyzer - INFO - 龙头:分析进度: 300/514 (已完成 300 只)
2026-06-02 23:41:53,393 - stock_analyzer - INFO - 龙头:分析进度: 350/514 (已完成 350 只)
2026-06-02 23:41:53,649 - stock_analyzer - INFO - 龙头:分析进度: 400/514 (已完成 400 只)
2026-06-02 23:41:57,015 - stock_analyzer - WARNING - 分析 920374 失败: 'date'
2026-06-02 23:41:57,128 - stock_analyzer - INFO - 龙头:分析进度: 450/514 (已完成 449 只)
2026-06-02 23:41:57,373 - stock_analyzer - INFO - 龙头:分析进度: 500/514 (已完成 499 只)
2026-06-02 23:41:57,446 - stock_analyzer - INFO - 龙头:分析进度: 514/514 (已完成 513 只)
2026-06-02 23:41:57,448 - stock_analyzer - INFO - 龙头:分析完成: 513只 | 核心(MACD∩ZJTJ)=26只 | MACD=55 | ZJTJ=45 | KDJ=215 | 财务=2
2026-06-03 17:04:18,104 - stock_analyzer - INFO - 手工:分析进度: 2/2 (已完成 2 只)
2026-06-03 17:04:18,105 - stock_analyzer - INFO - 手工:分析完成: 2只 | 核心(MACD∩ZJTJ)=1只 | MACD=2 | ZJTJ=1 | KDJ=2 | 财务=0
2026-06-03 17:06:13,956 - stock_analyzer - INFO - 龙头:分析进度: 50/514 (已完成 50 只)
2026-06-03 17:08:06,435 - stock_analyzer - INFO - 龙头:分析进度: 100/514 (已完成 100 只)
2026-06-03 17:09:56,909 - stock_analyzer - INFO - 龙头:分析进度: 150/514 (已完成 150 只)
2026-06-03 17:11:29,998 - stock_analyzer - INFO - 龙头:分析进度: 200/514 (已完成 200 只)
2026-06-03 17:13:15,002 - stock_analyzer - INFO - 龙头:分析进度: 250/514 (已完成 250 只)
2026-06-03 17:15:01,147 - stock_analyzer - INFO - 龙头:分析进度: 300/514 (已完成 300 只)
2026-06-03 17:16:40,329 - stock_analyzer - INFO - 龙头:分析进度: 350/514 (已完成 350 只)
2026-06-03 17:18:28,930 - stock_analyzer - INFO - 龙头:分析进度: 400/514 (已完成 400 只)
2026-06-03 17:19:17,245 - stock_analyzer - WARNING - 分析 920374 失败: 'date'
2026-06-03 17:20:07,535 - stock_analyzer - INFO - 龙头:分析进度: 450/514 (已完成 449 只)
2026-06-03 17:21:43,036 - stock_analyzer - INFO - 龙头:分析进度: 500/514 (已完成 499 只)
2026-06-03 17:22:14,176 - stock_analyzer - INFO - 龙头:分析进度: 514/514 (已完成 513 只)
2026-06-03 17:22:14,178 - stock_analyzer - INFO - 龙头:分析完成: 513只 | 核心(MACD∩ZJTJ)=26只 | MACD=50 | ZJTJ=47 | KDJ=201 | 财务=2
2026-06-03 17:52:59,571 - stock_analyzer - INFO - 手工:分析进度: 2/2 (已完成 2 只)
2026-06-03 17:52:59,572 - stock_analyzer - INFO - 手工:分析完成: 2只 | 核心(MACD∩ZJTJ)=1只 | MACD=2 | ZJTJ=1 | KDJ=2 | 财务=0
2026-06-03 17:53:00,072 - stock_analyzer - INFO - 龙头:分析进度: 50/514 (已完成 50 只)
2026-06-03 17:53:00,311 - stock_analyzer - INFO - 龙头:分析进度: 100/514 (已完成 100 只)
2026-06-03 17:53:00,549 - stock_analyzer - INFO - 龙头:分析进度: 150/514 (已完成 150 只)
2026-06-03 17:53:00,792 - stock_analyzer - INFO - 龙头:分析进度: 200/514 (已完成 200 只)
2026-06-03 17:53:01,030 - stock_analyzer - INFO - 龙头:分析进度: 250/514 (已完成 250 只)
2026-06-03 17:53:01,266 - stock_analyzer - INFO - 龙头:分析进度: 300/514 (已完成 300 只)
2026-06-03 17:53:01,497 - stock_analyzer - INFO - 龙头:分析进度: 350/514 (已完成 350 只)
2026-06-03 17:53:01,741 - stock_analyzer - INFO - 龙头:分析进度: 400/514 (已完成 400 只)
2026-06-03 17:53:05,357 - stock_analyzer - WARNING - 分析 920374 失败: 'date'
2026-06-03 17:53:05,466 - stock_analyzer - INFO - 龙头:分析进度: 450/514 (已完成 449 只)
2026-06-03 17:53:05,733 - stock_analyzer - INFO - 龙头:分析进度: 500/514 (已完成 499 只)
2026-06-03 17:53:05,812 - stock_analyzer - INFO - 龙头:分析进度: 514/514 (已完成 513 只)
2026-06-03 17:53:05,814 - stock_analyzer - INFO - 龙头:分析完成: 513只 | 核心(MACD∩ZJTJ)=26只 | MACD=50 | ZJTJ=47 | KDJ=201 | 财务=2
2026-06-05 07:41:55,442 - stock_analyzer - INFO - 手工:分析进度: 2/2 (已完成 2 只)
2026-06-05 07:41:55,445 - stock_analyzer - INFO - 手工:分析完成: 2只 | 核心(MACD∩ZJTJ)=2只 | MACD=2 | ZJTJ=2 | KDJ=2 | 财务=0
2026-06-05 07:43:45,608 - stock_analyzer - INFO - 龙头:分析进度: 50/514 (已完成 50 只)
2026-06-05 07:45:26,559 - stock_analyzer - INFO - 龙头:分析进度: 100/514 (已完成 100 只)
2026-06-05 07:47:08,349 - stock_analyzer - INFO - 龙头:分析进度: 150/514 (已完成 150 只)
2026-06-05 07:48:47,385 - stock_analyzer - INFO - 龙头:分析进度: 200/514 (已完成 200 只)
2026-06-05 07:50:25,902 - stock_analyzer - INFO - 龙头:分析进度: 250/514 (已完成 250 只)
2026-06-05 07:52:01,552 - stock_analyzer - INFO - 龙头:分析进度: 300/514 (已完成 300 只)
2026-06-05 07:53:49,550 - stock_analyzer - INFO - 龙头:分析进度: 350/514 (已完成 350 只)
2026-06-05 07:55:34,217 - stock_analyzer - INFO - 龙头:分析进度: 400/514 (已完成 400 只)
2026-06-05 07:56:29,684 - stock_analyzer - WARNING - 分析 920374 失败: 'date'
2026-06-05 07:57:24,527 - stock_analyzer - INFO - 龙头:分析进度: 450/514 (已完成 449 只)
2026-06-05 07:58:55,873 - stock_analyzer - INFO - 龙头:分析进度: 500/514 (已完成 499 只)
2026-06-05 07:59:30,833 - stock_analyzer - INFO - 龙头:分析进度: 514/514 (已完成 513 只)
2026-06-05 07:59:30,835 - stock_analyzer - INFO - 龙头:分析完成: 513只 | 核心(MACD∩ZJTJ)=46只 | MACD=47 | ZJTJ=76 | KDJ=130 | 财务=3
2026-06-05 17:04:27,246 - stock_analyzer - INFO - 手工:分析进度: 2/2 (已完成 2 只)
2026-06-05 17:04:27,248 - stock_analyzer - INFO - 手工:分析完成: 2只 | 核心(MACD∩ZJTJ)=2只 | MACD=2 | ZJTJ=2 | KDJ=2 | 财务=0
2026-06-05 17:06:01,808 - stock_analyzer - INFO - 龙头:分析进度: 50/514 (已完成 50 只)
2026-06-05 17:07:36,772 - stock_analyzer - INFO - 龙头:分析进度: 100/514 (已完成 100 只)
2026-06-05 17:09:12,775 - stock_analyzer - INFO - 龙头:分析进度: 150/514 (已完成 150 只)
2026-06-05 17:10:43,170 - stock_analyzer - INFO - 龙头:分析进度: 200/514 (已完成 200 只)
2026-06-05 17:12:20,218 - stock_analyzer - INFO - 龙头:分析进度: 250/514 (已完成 250 只)
2026-06-05 17:13:56,001 - stock_analyzer - INFO - 龙头:分析进度: 300/514 (已完成 300 只)
2026-06-05 17:15:31,921 - stock_analyzer - INFO - 龙头:分析进度: 350/514 (已完成 350 只)
2026-06-05 17:17:28,116 - stock_analyzer - INFO - 龙头:分析进度: 400/514 (已完成 400 只)
2026-06-05 17:18:27,924 - stock_analyzer - WARNING - 分析 920374 失败: 'date'
2026-06-05 17:19:12,235 - stock_analyzer - INFO - 龙头:分析进度: 450/514 (已完成 449 只)
2026-06-05 17:20:50,150 - stock_analyzer - INFO - 龙头:分析进度: 500/514 (已完成 499 只)
2026-06-05 17:21:17,127 - stock_analyzer - INFO - 龙头:分析进度: 514/514 (已完成 513 只)
2026-06-05 17:21:17,129 - stock_analyzer - INFO - 龙头:分析完成: 513只 | 核心(MACD∩ZJTJ)=45只 | MACD=45 | ZJTJ=80 | KDJ=203 | 财务=4
2026-06-06 17:00:08,952 - stock_analyzer - INFO - 手工:分析进度: 2/2 (已完成 2 只)
2026-06-06 17:00:08,953 - stock_analyzer - INFO - 手工:分析完成: 2只 | 核心(MACD∩ZJTJ)=2只 | MACD=2 | ZJTJ=2 | KDJ=2 | 财务=0
2026-06-06 17:00:09,154 - stock_analyzer - INFO - 龙头:分析进度: 50/514 (已完成 50 只)
2026-06-06 17:00:09,347 - stock_analyzer - INFO - 龙头:分析进度: 100/514 (已完成 100 只)
2026-06-06 17:00:09,538 - stock_analyzer - INFO - 龙头:分析进度: 150/514 (已完成 150 只)
2026-06-06 17:00:09,729 - stock_analyzer - INFO - 龙头:分析进度: 200/514 (已完成 200 只)
2026-06-06 17:00:09,930 - stock_analyzer - INFO - 龙头:分析进度: 250/514 (已完成 250 只)
2026-06-06 17:00:10,118 - stock_analyzer - INFO - 龙头:分析进度: 300/514 (已完成 300 只)
2026-06-06 17:00:10,309 - stock_analyzer - INFO - 龙头:分析进度: 350/514 (已完成 350 只)
2026-06-06 17:00:10,505 - stock_analyzer - INFO - 龙头:分析进度: 400/514 (已完成 400 只)
2026-06-06 17:00:13,320 - stock_analyzer - WARNING - 分析 920374 失败: 'date'
2026-06-06 17:00:13,416 - stock_analyzer - INFO - 龙头:分析进度: 450/514 (已完成 449 只)
2026-06-06 17:00:13,602 - stock_analyzer - INFO - 龙头:分析进度: 500/514 (已完成 499 只)
2026-06-06 17:00:13,655 - stock_analyzer - INFO - 龙头:分析进度: 514/514 (已完成 513 只)
2026-06-06 17:00:13,657 - stock_analyzer - INFO - 龙头:分析完成: 513只 | 核心(MACD∩ZJTJ)=45只 | MACD=45 | ZJTJ=80 | KDJ=203 | 财务=4
2026-06-07 17:00:11,963 - stock_analyzer - INFO - 手工:分析进度: 2/2 (已完成 2 只)
2026-06-07 17:00:11,964 - stock_analyzer - INFO - 手工:分析完成: 2只 | 核心(MACD∩ZJTJ)=2只 | MACD=2 | ZJTJ=2 | KDJ=2 | 财务=0
2026-06-07 17:00:12,193 - stock_analyzer - INFO - 龙头:分析进度: 50/514 (已完成 50 只)
2026-06-07 17:00:12,399 - stock_analyzer - INFO - 龙头:分析进度: 100/514 (已完成 100 只)
2026-06-07 17:00:12,604 - stock_analyzer - INFO - 龙头:分析进度: 150/514 (已完成 150 只)
2026-06-07 17:00:12,816 - stock_analyzer - INFO - 龙头:分析进度: 200/514 (已完成 200 只)
2026-06-07 17:00:13,031 - stock_analyzer - INFO - 龙头:分析进度: 250/514 (已完成 250 只)
2026-06-07 17:00:13,232 - stock_analyzer - INFO - 龙头:分析进度: 300/514 (已完成 300 只)
2026-06-07 17:00:13,441 - stock_analyzer - INFO - 龙头:分析进度: 350/514 (已完成 350 只)
2026-06-07 17:00:13,652 - stock_analyzer - INFO - 龙头:分析进度: 400/514 (已完成 400 只)
2026-06-07 17:00:16,675 - stock_analyzer - WARNING - 分析 920374 失败: 'date'
2026-06-07 17:00:16,790 - stock_analyzer - INFO - 龙头:分析进度: 450/514 (已完成 449 只)
2026-06-07 17:00:16,984 - stock_analyzer - INFO - 龙头:分析进度: 500/514 (已完成 499 只)
2026-06-07 17:00:17,046 - stock_analyzer - INFO - 龙头:分析进度: 514/514 (已完成 513 只)
2026-06-07 17:00:17,048 - stock_analyzer - INFO - 龙头:分析完成: 513只 | 核心(MACD∩ZJTJ)=45只 | MACD=45 | ZJTJ=80 | KDJ=203 | 财务=4
2026-06-08 17:01:59,304 - stock_analyzer - INFO - 手工:分析进度: 2/2 (已完成 2 只)
2026-06-08 17:01:59,306 - stock_analyzer - INFO - 手工:分析完成: 2只 | 核心(MACD∩ZJTJ)=2只 | MACD=2 | ZJTJ=2 | KDJ=2 | 财务=0
2026-06-08 17:03:54,327 - stock_analyzer - INFO - 龙头:分析进度: 50/514 (已完成 50 只)
2026-06-08 17:05:48,082 - stock_analyzer - INFO - 龙头:分析进度: 100/514 (已完成 100 只)
2026-06-08 17:07:54,796 - stock_analyzer - INFO - 龙头:分析进度: 150/514 (已完成 150 只)
2026-06-08 17:09:50,636 - stock_analyzer - INFO - 龙头:分析进度: 200/514 (已完成 200 只)
2026-06-08 17:11:49,424 - stock_analyzer - INFO - 龙头:分析进度: 250/514 (已完成 250 只)
2026-06-08 17:13:34,359 - stock_analyzer - INFO - 龙头:分析进度: 300/514 (已完成 300 只)
2026-06-08 17:15:15,041 - stock_analyzer - INFO - 龙头:分析进度: 350/514 (已完成 350 只)
2026-06-08 17:17:07,988 - stock_analyzer - INFO - 龙头:分析进度: 400/514 (已完成 400 只)
2026-06-08 17:18:06,945 - stock_analyzer - WARNING - 分析 920374 失败: 'date'
2026-06-08 17:18:57,493 - stock_analyzer - INFO - 龙头:分析进度: 450/514 (已完成 449 只)
2026-06-08 17:20:25,431 - stock_analyzer - INFO - 龙头:分析进度: 500/514 (已完成 499 只)
2026-06-08 17:20:57,058 - stock_analyzer - INFO - 龙头:分析进度: 514/514 (已完成 513 只)
2026-06-08 17:20:57,060 - stock_analyzer - INFO - 龙头:分析完成: 513只 | 核心(MACD∩ZJTJ)=41只 | MACD=41 | ZJTJ=79 | KDJ=174 | 财务=3
