2026-06-02 17:13:06,667 - stock_selector - INFO - ============================================================
2026-06-02 17:13:06,667 - stock_selector - INFO - 开始选股流程，选股日期: 20260602
2026-06-02 17:13:06,667 - stock_selector - INFO - 历史数据范围: 20251114 ~ 20260602
2026-06-02 17:13:06,667 - stock_selector - INFO - ============================================================
2026-06-02 18:41:21,506 - stock_selector - INFO - ============================================================
2026-06-02 18:41:21,506 - stock_selector - INFO - 开始选股流程，选股日期: 20260602
2026-06-02 18:41:21,506 - stock_selector - INFO - 历史数据范围: 20251114 ~ 20260602
2026-06-02 18:41:21,506 - stock_selector - INFO - ============================================================
2026-06-02 18:46:41,886 - stock_selector - INFO - [规则1] 板块RPS筛选: 输入5525只 → 输出0只
2026-06-02 18:46:41,886 - stock_selector - INFO - 规则1筛选后无股票，选股结束
2026-06-02 19:16:09,322 - stock_selector - INFO - ============================================================
2026-06-02 19:16:09,322 - stock_selector - INFO - 开始选股流程，选股日期: 20260602
2026-06-02 19:16:09,322 - stock_selector - INFO - 历史数据范围: 20251114 ~ 20260602
2026-06-02 19:16:09,322 - stock_selector - INFO - ============================================================
2026-06-02 19:31:50,223 - stock_selector - INFO - [规则1] 板块RPS筛选: 输入5525只 → 输出146只
2026-06-02 19:31:50,223 - stock_selector - INFO - 开始获取 146 只候选股票的日线数据...
2026-06-02 19:35:04,547 - stock_selector - INFO - 日线数据获取进度: 100/146 (已获取 100 只)
2026-06-02 19:35:38,439 - stock_selector - WARNING - 获取 885376 日线数据失败: 'date'
2026-06-02 19:35:41,646 - stock_selector - WARNING - 获取 885738 日线数据失败: 'date'
2026-06-02 19:35:44,453 - stock_selector - WARNING - 获取 885786 日线数据失败: 'date'
2026-06-02 19:35:47,359 - stock_selector - WARNING - 获取 885875 日线数据失败: 'date'
2026-06-02 19:35:50,127 - stock_selector - WARNING - 获取 885886 日线数据失败: 'date'
2026-06-02 19:35:52,969 - stock_selector - WARNING - 获取 885893 日线数据失败: 'date'
2026-06-02 19:35:55,709 - stock_selector - WARNING - 获取 885897 日线数据失败: 'date'
2026-06-02 19:35:58,449 - stock_selector - WARNING - 获取 885907 日线数据失败: 'date'
2026-06-02 19:36:01,387 - stock_selector - WARNING - 获取 885908 日线数据失败: 'date'
2026-06-02 19:36:04,124 - stock_selector - WARNING - 获取 885937 日线数据失败: 'date'
2026-06-02 19:36:06,953 - stock_selector - WARNING - 获取 885959 日线数据失败: 'date'
2026-06-02 19:36:09,713 - stock_selector - WARNING - 获取 886009 日线数据失败: 'date'
2026-06-02 19:36:12,595 - stock_selector - WARNING - 获取 886020 日线数据失败: 'date'
2026-06-02 19:36:15,462 - stock_selector - WARNING - 获取 886033 日线数据失败: 'date'
2026-06-02 19:36:18,350 - stock_selector - WARNING - 获取 886042 日线数据失败: 'date'
2026-06-02 19:36:21,222 - stock_selector - WARNING - 获取 886054 日线数据失败: 'date'
2026-06-02 19:36:24,503 - stock_selector - WARNING - 获取 886071 日线数据失败: 'date'
2026-06-02 19:36:27,363 - stock_selector - WARNING - 获取 886073 日线数据失败: 'date'
2026-06-02 19:36:30,115 - stock_selector - WARNING - 获取 886082 日线数据失败: 'date'
2026-06-02 19:36:33,022 - stock_selector - WARNING - 获取 886084 日线数据失败: 'date'
2026-06-02 19:36:35,951 - stock_selector - WARNING - 获取 920026 日线数据失败: 'date'
2026-06-02 19:36:38,717 - stock_selector - WARNING - 获取 920125 日线数据失败: 'date'
2026-06-02 19:36:41,600 - stock_selector - WARNING - 获取 920152 日线数据失败: 'date'
2026-06-02 19:36:44,630 - stock_selector - WARNING - 获取 920179 日线数据失败: 'date'
2026-06-02 19:36:47,582 - stock_selector - WARNING - 获取 920190 日线数据失败: 'date'
2026-06-02 19:36:50,499 - stock_selector - WARNING - 获取 920223 日线数据失败: 'date'
2026-06-02 19:36:53,295 - stock_selector - WARNING - 获取 920427 日线数据失败: 'date'
2026-06-02 19:36:56,117 - stock_selector - WARNING - 获取 920725 日线数据失败: 'date'
2026-06-02 19:36:58,843 - stock_selector - WARNING - 获取 920807 日线数据失败: 'date'
2026-06-02 19:37:01,583 - stock_selector - WARNING - 获取 920971 日线数据失败: 'date'
2026-06-02 19:37:01,583 - stock_selector - INFO - 日线数据获取进度: 146/146 (已获取 116 只)
2026-06-02 19:37:01,583 - stock_selector - INFO - 成功获取 116 只股票的日线数据
2026-06-02 19:37:01,673 - stock_selector - INFO - [规则2] MACD买入信号筛选: 输入116只 → 输出11只
2026-06-02 19:37:01,684 - stock_selector - INFO - [规则3] ZJTJ庄家控盘筛选: 输入11只 → 输出9只
2026-06-02 19:37:01,698 - stock_selector - INFO - [规则4] KDJ买入信号筛选: 输入9只 → 输出1只
2026-06-02 19:37:06,143 - stock_selector - INFO - 财务筛选完成: 1 只中 0 只满足条件
2026-06-02 19:37:06,143 - stock_selector - INFO - [规则5] 财务基本面筛选: 输入1只 → 输出0只
2026-06-02 19:37:06,143 - stock_selector - INFO - 所有规则筛选后无股票
2026-06-02 19:38:04,566 - stock_selector - INFO - ============================================================
2026-06-02 19:38:04,566 - stock_selector - INFO - 开始选股流程，选股日期: 20260602
2026-06-02 19:38:04,566 - stock_selector - INFO - 历史数据范围: 20251114 ~ 20260602
2026-06-02 19:38:04,566 - stock_selector - INFO - ============================================================
2026-06-02 19:41:08,939 - stock_selector - INFO - ============================================================
2026-06-02 19:41:08,939 - stock_selector - INFO - 开始选股流程，选股日期: 20260602
2026-06-02 19:41:08,939 - stock_selector - INFO - 历史数据范围: 20251114 ~ 20260602
2026-06-02 19:41:08,939 - stock_selector - INFO - ============================================================
2026-06-02 19:41:28,345 - stock_selector - INFO - [规则1] 板块RPS筛选: 输入5525只 → 输出124只
2026-06-02 19:41:28,345 - stock_selector - INFO - 开始获取 124 只候选股票的日线数据...
2026-06-02 19:44:39,435 - stock_selector - INFO - 日线数据获取进度: 100/124 (已获取 100 只)
2026-06-02 19:45:25,540 - stock_selector - INFO - 日线数据获取进度: 124/124 (已获取 124 只)
2026-06-02 19:45:25,540 - stock_selector - INFO - 成功获取 124 只股票的日线数据
2026-06-02 19:45:25,642 - stock_selector - INFO - [规则2] MACD买入信号筛选: 输入124只 → 输出7只
2026-06-02 19:45:25,650 - stock_selector - INFO - [规则3] ZJTJ庄家控盘筛选: 输入7只 → 输出6只
2026-06-02 19:45:25,659 - stock_selector - INFO - [规则4] KDJ买入信号筛选: 输入6只 → 输出1只
2026-06-02 19:45:25,662 - stock_selector - INFO - 财务筛选完成: 1 只中 0 只满足条件
2026-06-02 19:45:25,662 - stock_selector - INFO - [规则5] 财务基本面筛选: 输入1只 → 输出0只
2026-06-02 19:45:25,662 - stock_selector - INFO - 所有规则筛选后无股票
2026-06-02 19:52:05,997 - stock_selector - INFO - ============================================================
2026-06-02 19:52:05,997 - stock_selector - INFO - 开始选股流程，选股日期: 20260602
2026-06-02 19:52:05,998 - stock_selector - INFO - 历史数据范围: 20251114 ~ 20260602
2026-06-02 19:52:05,998 - stock_selector - INFO - ============================================================
2026-06-02 19:52:15,057 - stock_selector - INFO - [规则1] 板块RPS筛选: 输入5525只 → 输出124只
2026-06-02 19:52:15,058 - stock_selector - INFO - 开始获取 124 只候选股票的日线数据...
2026-06-02 19:55:49,034 - stock_selector - INFO - 日线数据获取进度: 100/124 (已获取 100 只)
2026-06-02 19:56:39,440 - stock_selector - INFO - 日线数据获取进度: 124/124 (已获取 124 只)
2026-06-02 19:56:39,441 - stock_selector - INFO - 成功获取 124 只股票的日线数据
2026-06-02 19:56:39,550 - stock_selector - INFO - [规则2] MACD买入信号筛选: 输入124只 → 输出8只
2026-06-02 19:56:39,566 - stock_selector - INFO - [规则3] ZJTJ庄家控盘筛选: 输入8只 → 输出7只
2026-06-02 19:56:39,578 - stock_selector - INFO - [规则4] KDJ买入信号筛选: 输入7只 → 输出1只
2026-06-02 19:56:39,586 - stock_selector - INFO - 财务筛选完成: 1 只中 0 只满足条件
2026-06-02 19:56:39,586 - stock_selector - INFO - [规则5] 财务基本面筛选: 输入1只 → 输出0只
2026-06-02 19:56:39,586 - stock_selector - INFO - 选股完成（满足规则1-4），共选出 1 只股票
2026-06-02 19:57:48,089 - stock_selector - INFO - ============================================================
2026-06-02 19:57:48,090 - stock_selector - INFO - 开始选股流程，选股日期: 20260602
2026-06-02 19:57:48,090 - stock_selector - INFO - 历史数据范围: 20251114 ~ 20260602
2026-06-02 19:57:48,090 - stock_selector - INFO - ============================================================
2026-06-02 19:57:56,251 - stock_selector - INFO - [规则1] 板块RPS筛选: 输入5525只 → 输出124只
2026-06-02 19:57:56,252 - stock_selector - INFO - 开始获取 124 只候选股票的日线数据...
2026-06-02 20:01:21,613 - stock_selector - INFO - 日线数据获取进度: 100/124 (已获取 100 只)
2026-06-02 20:02:11,551 - stock_selector - INFO - 日线数据获取进度: 124/124 (已获取 124 只)
2026-06-02 20:02:11,551 - stock_selector - INFO - 成功获取 124 只股票的日线数据
2026-06-02 20:02:11,683 - stock_selector - INFO - [规则2] MACD买入信号筛选: 输入124只 → 输出8只
2026-06-02 20:02:11,693 - stock_selector - INFO - [规则3] ZJTJ庄家控盘筛选: 输入8只 → 输出7只
2026-06-02 20:02:11,712 - stock_selector - INFO - [规则4] KDJ买入信号筛选: 输入7只 → 输出1只
2026-06-02 20:02:11,720 - stock_selector - INFO - 财务筛选完成: 1 只中 0 只满足条件
2026-06-02 20:02:11,721 - stock_selector - INFO - [规则5] 财务基本面筛选: 输入1只 → 输出0只
2026-06-02 20:02:11,721 - stock_selector - INFO - 选股完成（满足规则1-4），共选出 1 只股票
2026-06-02 20:10:07,446 - stock_selector - INFO - ============================================================
2026-06-02 20:10:07,446 - stock_selector - INFO - 开始选股流程，选股日期: 20260602
2026-06-02 20:10:07,446 - stock_selector - INFO - 历史数据范围: 20251114 ~ 20260602
2026-06-02 20:10:07,446 - stock_selector - INFO - ============================================================
2026-06-02 20:10:15,333 - stock_selector - INFO - [规则1] 板块RPS筛选: 输入5525只 → 输出124只
2026-06-02 20:10:15,333 - stock_selector - INFO - 开始获取 124 只候选股票的日线数据...
2026-06-02 20:13:48,775 - stock_selector - INFO - 日线数据获取进度: 100/124 (已获取 100 只)
2026-06-02 20:14:37,863 - stock_selector - INFO - 日线数据获取进度: 124/124 (已获取 124 只)
2026-06-02 20:14:37,863 - stock_selector - INFO - 成功获取 124 只股票的日线数据
2026-06-02 20:14:37,988 - stock_selector - INFO - [规则2] MACD买入信号筛选: 输入124只 → 输出8只
2026-06-02 20:14:38,100 - stock_selector - INFO - [规则3] ZJTJ庄家控盘筛选: 输入124只 → 输出61只
2026-06-02 20:14:38,307 - stock_selector - INFO - [规则4] KDJ买入信号筛选: 输入124只 → 输出17只
2026-06-02 20:19:31,491 - stock_selector - INFO - 财务筛选进度: 60/124，当前命中 7 只
2026-06-02 20:21:19,842 - stock_selector - INFO - 财务筛选进度: 80/124，当前命中 9 只
2026-06-02 20:23:50,033 - stock_selector - INFO - 财务筛选完成: 124 只中 15 只满足条件
2026-06-02 20:23:50,033 - stock_selector - INFO - [规则5] 财务基本面筛选: 输入124只 → 输出15只
2026-06-02 20:23:50,034 - stock_selector - INFO - 并行规则2-5筛选后无同时满足所有条件的股票
2026-06-02 20:30:05,261 - stock_selector - INFO - ============================================================
2026-06-02 20:30:05,261 - stock_selector - INFO - 开始选股流程，选股日期: 20260602
2026-06-02 20:30:05,261 - stock_selector - INFO - 历史数据范围: 20251114 ~ 20260602
2026-06-02 20:30:05,262 - stock_selector - INFO - ============================================================
2026-06-02 20:30:13,758 - stock_selector - INFO - [规则1] 板块RPS筛选: 输入5525只 → 输出124只
2026-06-02 20:30:13,758 - stock_selector - INFO - 开始获取 124 只候选股票的日线数据...
2026-06-02 20:33:41,208 - stock_selector - INFO - 日线数据获取进度: 100/124 (已获取 100 只)
2026-06-02 20:34:30,427 - stock_selector - INFO - 日线数据获取进度: 124/124 (已获取 124 只)
2026-06-02 20:34:30,428 - stock_selector - INFO - 成功获取 124 只股票的日线数据
2026-06-02 20:34:30,558 - stock_selector - INFO - [规则2] MACD买入信号筛选: 输入124只 → 输出8只
2026-06-02 20:34:30,669 - stock_selector - INFO - [规则3] ZJTJ庄家控盘筛选: 输入124只 → 输出61只
2026-06-02 20:34:30,885 - stock_selector - INFO - [规则4] KDJ买入信号筛选: 输入124只 → 输出17只
2026-06-02 20:34:31,016 - stock_selector - INFO - 财务筛选进度: 60/124，当前命中 7 只
2026-06-02 20:34:31,059 - stock_selector - INFO - 财务筛选进度: 80/124，当前命中 9 只
2026-06-02 20:34:31,152 - stock_selector - INFO - 财务筛选完成: 124 只中 15 只满足条件
2026-06-02 20:34:31,153 - stock_selector - INFO - [规则5] 财务基本面筛选: 输入124只 → 输出15只
2026-06-02 20:35:14,551 - stock_selector - INFO - ============================================================
2026-06-02 20:35:14,551 - stock_selector - INFO - 开始选股流程，选股日期: 20260602
2026-06-02 20:35:14,551 - stock_selector - INFO - 历史数据范围: 20251114 ~ 20260602
2026-06-02 20:35:14,552 - stock_selector - INFO - ============================================================
2026-06-02 20:35:22,592 - stock_selector - INFO - [规则1] 板块RPS筛选: 输入5525只 → 输出124只
2026-06-02 20:35:22,592 - stock_selector - INFO - 开始获取 124 只候选股票的日线数据...
2026-06-02 20:38:49,733 - stock_selector - INFO - 日线数据获取进度: 100/124 (已获取 100 只)
2026-06-02 20:39:38,989 - stock_selector - INFO - 日线数据获取进度: 124/124 (已获取 124 只)
2026-06-02 20:39:38,989 - stock_selector - INFO - 成功获取 124 只股票的日线数据
2026-06-02 20:39:39,096 - stock_selector - INFO - [规则2] MACD买入信号筛选: 输入124只 → 输出8只
2026-06-02 20:39:39,201 - stock_selector - INFO - [规则3] ZJTJ庄家控盘筛选: 输入124只 → 输出61只
2026-06-02 20:39:39,370 - stock_selector - INFO - [规则4] KDJ买入信号筛选: 输入124只 → 输出17只
2026-06-02 20:39:39,488 - stock_selector - INFO - 财务筛选进度: 60/124，当前命中 7 只
2026-06-02 20:39:39,525 - stock_selector - INFO - 财务筛选进度: 80/124，当前命中 9 只
2026-06-02 20:39:39,603 - stock_selector - INFO - 财务筛选完成: 124 只中 15 只满足条件
2026-06-02 20:39:39,603 - stock_selector - INFO - [规则5] 财务基本面筛选: 输入124只 → 输出15只
2026-06-02 20:39:39,627 - stock_selector - INFO - 选股完成，核心(MACD∩ZJTJ): 7只 | 加分2项:0 加分1项:1 加分0项:6
2026-06-02 20:47:57,618 - stock_selector - INFO - ============================================================
2026-06-02 20:47:57,618 - stock_selector - INFO - 开始选股流程，选股日期: 20260602
2026-06-02 20:47:57,618 - stock_selector - INFO - 历史数据范围: 20251114 ~ 20260602
2026-06-02 20:47:57,619 - stock_selector - INFO - ============================================================
2026-06-02 20:48:06,497 - stock_selector - INFO - [规则1] 板块RPS筛选: 输入5525只 → 输出124只
2026-06-02 20:48:06,497 - stock_selector - INFO - 开始获取 124 只候选股票的日线数据...
2026-06-02 20:51:22,540 - stock_selector - INFO - 日线数据获取进度: 100/124 (已获取 100 只)
2026-06-02 20:52:11,354 - stock_selector - INFO - 日线数据获取进度: 124/124 (已获取 124 只)
2026-06-02 20:52:11,355 - stock_selector - INFO - 成功获取 124 只股票的日线数据
2026-06-02 20:52:11,494 - stock_selector - INFO - [规则2] MACD买入信号筛选: 输入124只 → 输出8只
2026-06-02 20:52:11,601 - stock_selector - INFO - [规则3] ZJTJ庄家控盘筛选: 输入124只 → 输出61只
2026-06-02 20:52:11,796 - stock_selector - INFO - [规则4] KDJ买入信号筛选: 输入124只 → 输出17只
2026-06-02 20:52:11,923 - stock_selector - INFO - 财务筛选进度: 60/124，当前命中 7 只
2026-06-02 20:52:11,968 - stock_selector - INFO - 财务筛选进度: 80/124，当前命中 9 只
2026-06-02 20:52:12,070 - stock_selector - INFO - 财务筛选完成: 124 只中 15 只满足条件
2026-06-02 20:52:12,070 - stock_selector - INFO - [规则5] 财务基本面筛选: 输入124只 → 输出15只
2026-06-02 20:52:12,096 - stock_selector - INFO - 选股完成，核心(MACD∩ZJTJ): 7只 | 加分2项:0 加分1项:1 加分0项:6
2026-06-02 21:26:35,802 - stock_selector - INFO - ============================================================
2026-06-02 21:26:35,802 - stock_selector - INFO - 开始选股流程，选股日期: 20260602
2026-06-02 21:26:35,803 - stock_selector - INFO - 历史数据范围: 20251114 ~ 20260602
2026-06-02 21:26:35,803 - stock_selector - INFO - ============================================================
2026-06-02 21:26:42,959 - stock_selector - INFO - [规则1] 板块RPS筛选: 输入5525只 → 输出118只
2026-06-02 21:26:42,959 - stock_selector - INFO - 开始获取 118 只候选股票的日线数据...
2026-06-02 21:30:13,135 - stock_selector - INFO - 日线数据获取进度: 100/118 (已获取 100 只)
2026-06-02 21:30:53,978 - stock_selector - INFO - 日线数据获取进度: 118/118 (已获取 118 只)
2026-06-02 21:30:53,978 - stock_selector - INFO - 成功获取 118 只股票的日线数据
2026-06-02 21:30:54,102 - stock_selector - INFO - [规则2] MACD买入信号筛选: 输入118只 → 输出8只
2026-06-02 21:30:54,208 - stock_selector - INFO - [规则3] ZJTJ庄家控盘筛选: 输入118只 → 输出59只
2026-06-02 21:30:54,416 - stock_selector - INFO - [规则4] KDJ买入信号筛选: 输入118只 → 输出17只
2026-06-02 21:31:01,690 - stock_selector - INFO - 财务筛选进度: 30/118，当前命中 1 只
2026-06-02 21:31:06,207 - stock_selector - INFO - 财务筛选完成: 118 只中 11 只满足条件
2026-06-02 21:31:06,207 - stock_selector - INFO - [规则5] 财务基本面筛选: 输入118只 → 输出11只
2026-06-02 21:31:06,232 - stock_selector - INFO - 选股完成，核心(MACD∩ZJTJ): 7只 | 加分2项:0 加分1项:1 加分0项:6
2026-06-02 22:13:08,473 - stock_selector - INFO - ============================================================
2026-06-02 22:13:08,473 - stock_selector - INFO - 开始选股流程，选股日期: 20260602
2026-06-02 22:13:08,473 - stock_selector - INFO - 历史数据范围: 20251114 ~ 20260602
2026-06-02 22:13:08,473 - stock_selector - INFO - ============================================================
2026-06-02 22:13:13,459 - stock_selector - INFO - [规则1] 板块RPS筛选: 输入5525只 → 输出124只
2026-06-02 22:13:13,459 - stock_selector - INFO - 开始获取 124 只候选股票的日线数据...
2026-06-02 22:13:29,764 - stock_selector - INFO - 日线数据获取进度: 100/124 (已获取 100 只)
2026-06-02 22:13:29,783 - stock_selector - INFO - 日线数据获取进度: 124/124 (已获取 124 只)
2026-06-02 22:13:29,783 - stock_selector - INFO - 成功获取 124 只股票的日线数据
2026-06-02 22:13:29,875 - stock_selector - INFO - [规则2] MACD买入信号筛选: 输入124只 → 输出8只
2026-06-02 22:13:29,961 - stock_selector - INFO - [规则3] ZJTJ庄家控盘筛选: 输入124只 → 输出61只
2026-06-02 22:13:30,132 - stock_selector - INFO - [规则4] KDJ买入信号筛选: 输入124只 → 输出17只
2026-06-02 22:13:30,263 - stock_selector - INFO - 财务筛选进度: 60/124，当前命中 7 只
2026-06-02 22:13:30,303 - stock_selector - INFO - 财务筛选进度: 80/124，当前命中 9 只
2026-06-02 22:13:30,388 - stock_selector - INFO - 财务筛选完成: 124 只中 15 只满足条件
2026-06-02 22:13:30,388 - stock_selector - INFO - [规则5] 财务基本面筛选: 输入124只 → 输出15只
2026-06-02 22:13:30,413 - stock_selector - INFO - 选股完成，核心(MACD∩ZJTJ): 7只 | 加分2项:0 加分1项:1 加分0项:6
2026-06-02 22:13:30,414 - stock_selector - INFO - 开始手工选股分析...
2026-06-02 22:13:46,099 - stock_selector - INFO - 手工选股: 2只中 0只满足核心条件(MACD∩ZJTJ)
2026-06-02 22:16:03,437 - stock_selector - INFO - ============================================================
2026-06-02 22:16:03,438 - stock_selector - INFO - 开始选股流程，选股日期: 20260602
2026-06-02 22:16:03,438 - stock_selector - INFO - 历史数据范围: 20251114 ~ 20260602
2026-06-02 22:16:03,438 - stock_selector - INFO - ============================================================
2026-06-02 22:16:11,653 - stock_selector - INFO - [规则1] 板块RPS筛选: 输入5525只 → 输出117只
2026-06-02 22:16:11,653 - stock_selector - INFO - 开始获取 117 只候选股票的日线数据...
2026-06-02 22:16:14,126 - stock_selector - INFO - 日线数据获取进度: 100/117 (已获取 100 只)
2026-06-02 22:16:14,142 - stock_selector - INFO - 日线数据获取进度: 117/117 (已获取 117 只)
2026-06-02 22:16:14,143 - stock_selector - INFO - 成功获取 117 只股票的日线数据
2026-06-02 22:16:14,255 - stock_selector - INFO - [规则2] MACD买入信号筛选: 输入117只 → 输出8只
2026-06-02 22:16:14,353 - stock_selector - INFO - [规则3] ZJTJ庄家控盘筛选: 输入117只 → 输出59只
2026-06-02 22:16:14,560 - stock_selector - INFO - [规则4] KDJ买入信号筛选: 输入117只 → 输出17只
2026-06-02 22:16:14,628 - stock_selector - INFO - 财务筛选进度: 30/117，当前命中 1 只
2026-06-02 22:16:18,802 - stock_selector - INFO - 财务筛选完成: 117 只中 11 只满足条件
2026-06-02 22:16:18,802 - stock_selector - INFO - [规则5] 财务基本面筛选: 输入117只 → 输出11只
2026-06-02 22:16:18,828 - stock_selector - INFO - 选股完成，核心(MACD∩ZJTJ): 7只 | 加分2项:0 加分1项:1 加分0项:6
2026-06-02 22:16:18,828 - stock_selector - INFO - 开始手工选股分析...
2026-06-02 22:16:18,844 - stock_selector - INFO - 手工选股: 2只中 2只满足核心条件(MACD∩ZJTJ)
2026-06-02 22:17:08,286 - stock_selector - INFO - ============================================================
2026-06-02 22:17:08,287 - stock_selector - INFO - 开始选股流程，选股日期: 20260602
2026-06-02 22:17:08,287 - stock_selector - INFO - 历史数据范围: 20251114 ~ 20260602
2026-06-02 22:17:08,287 - stock_selector - INFO - ============================================================
2026-06-02 22:17:15,998 - stock_selector - INFO - [规则1] 板块RPS筛选: 输入5525只 → 输出124只
2026-06-02 22:17:15,998 - stock_selector - INFO - 开始获取 124 只候选股票的日线数据...
2026-06-02 22:17:16,066 - stock_selector - INFO - 日线数据获取进度: 100/124 (已获取 100 只)
2026-06-02 22:17:16,082 - stock_selector - INFO - 日线数据获取进度: 124/124 (已获取 124 只)
2026-06-02 22:17:16,082 - stock_selector - INFO - 成功获取 124 只股票的日线数据
2026-06-02 22:17:16,166 - stock_selector - INFO - [规则2] MACD买入信号筛选: 输入124只 → 输出8只
2026-06-02 22:17:16,253 - stock_selector - INFO - [规则3] ZJTJ庄家控盘筛选: 输入124只 → 输出61只
2026-06-02 22:17:16,410 - stock_selector - INFO - [规则4] KDJ买入信号筛选: 输入124只 → 输出17只
2026-06-02 22:17:16,509 - stock_selector - INFO - 财务筛选进度: 60/124，当前命中 7 只
2026-06-02 22:17:16,542 - stock_selector - INFO - 财务筛选进度: 80/124，当前命中 9 只
2026-06-02 22:17:16,607 - stock_selector - INFO - 财务筛选完成: 124 只中 15 只满足条件
2026-06-02 22:17:16,607 - stock_selector - INFO - [规则5] 财务基本面筛选: 输入124只 → 输出15只
2026-06-02 22:17:16,631 - stock_selector - INFO - 选股完成，核心(MACD∩ZJTJ): 7只 | 加分2项:0 加分1项:1 加分0项:6
2026-06-02 22:17:16,631 - stock_selector - INFO - 开始手工选股分析...
2026-06-02 22:17:16,642 - stock_selector - INFO - 手工选股: 2只中 2只满足核心条件(MACD∩ZJTJ)
2026-06-02 22:17:38,792 - stock_selector - INFO - ============================================================
2026-06-02 22:17:38,792 - stock_selector - INFO - 开始选股流程，选股日期: 20260602
2026-06-02 22:17:38,792 - stock_selector - INFO - 历史数据范围: 20251114 ~ 20260602
2026-06-02 22:17:38,792 - stock_selector - INFO - ============================================================
2026-06-02 22:17:47,024 - stock_selector - INFO - [规则1] 板块RPS筛选: 输入5525只 → 输出124只
2026-06-02 22:17:47,024 - stock_selector - INFO - 开始获取 124 只候选股票的日线数据...
2026-06-02 22:17:47,100 - stock_selector - INFO - 日线数据获取进度: 100/124 (已获取 100 只)
2026-06-02 22:17:47,118 - stock_selector - INFO - 日线数据获取进度: 124/124 (已获取 124 只)
2026-06-02 22:17:47,118 - stock_selector - INFO - 成功获取 124 只股票的日线数据
2026-06-02 22:17:47,205 - stock_selector - INFO - [规则2] MACD买入信号筛选: 输入124只 → 输出8只
2026-06-02 22:17:47,294 - stock_selector - INFO - [规则3] ZJTJ庄家控盘筛选: 输入124只 → 输出61只
2026-06-02 22:17:47,456 - stock_selector - INFO - [规则4] KDJ买入信号筛选: 输入124只 → 输出17只
2026-06-02 22:17:47,577 - stock_selector - INFO - 财务筛选进度: 60/124，当前命中 7 只
2026-06-02 22:17:47,622 - stock_selector - INFO - 财务筛选进度: 80/124，当前命中 9 只
2026-06-02 22:17:47,705 - stock_selector - INFO - 财务筛选完成: 124 只中 15 只满足条件
2026-06-02 22:17:47,705 - stock_selector - INFO - [规则5] 财务基本面筛选: 输入124只 → 输出15只
2026-06-02 22:17:47,730 - stock_selector - INFO - 选股完成，核心(MACD∩ZJTJ): 7只 | 加分2项:0 加分1项:1 加分0项:6
2026-06-02 22:17:47,730 - stock_selector - INFO - 开始手工选股分析...
2026-06-02 22:17:47,745 - stock_selector - INFO - 手工选股: 2只中 2只满足核心条件(MACD∩ZJTJ)
2026-06-02 22:28:02,385 - stock_selector - INFO - ============================================================
2026-06-02 22:28:02,385 - stock_selector - INFO - 开始选股流程，选股日期: 20260602
2026-06-02 22:28:02,386 - stock_selector - INFO - 历史数据范围: 20251114 ~ 20260602
2026-06-02 22:28:02,386 - stock_selector - INFO - ============================================================
2026-06-02 22:28:11,148 - stock_selector - INFO - [规则1] 板块RPS筛选: 输入5525只 → 输出124只
2026-06-02 22:28:11,148 - stock_selector - INFO - 开始获取 124 只候选股票的日线数据...
2026-06-02 22:28:11,353 - stock_selector - INFO - 日线数据获取进度: 100/124 (已获取 100 只)
2026-06-02 22:28:11,436 - stock_selector - INFO - 日线数据获取进度: 124/124 (已获取 124 只)
2026-06-02 22:28:11,436 - stock_selector - INFO - 成功获取 124 只股票的日线数据
2026-06-02 22:28:11,560 - stock_selector - INFO - [规则2] MACD买入信号筛选: 输入124只 → 输出8只
2026-06-02 22:28:11,682 - stock_selector - INFO - [规则3] ZJTJ庄家控盘筛选: 输入124只 → 输出61只
2026-06-02 22:28:11,912 - stock_selector - INFO - [规则4] KDJ买入信号筛选: 输入124只 → 输出17只
2026-06-02 22:28:12,046 - stock_selector - INFO - 财务筛选进度: 60/124，当前命中 7 只
2026-06-02 22:28:12,091 - stock_selector - INFO - 财务筛选进度: 80/124，当前命中 9 只
2026-06-02 22:28:12,197 - stock_selector - INFO - 财务筛选完成: 124 只中 15 只满足条件
2026-06-02 22:28:12,197 - stock_selector - INFO - [规则5] 财务基本面筛选: 输入124只 → 输出15只
2026-06-02 22:28:12,228 - stock_selector - INFO - 选股完成，核心(MACD∩ZJTJ): 7只 | 加分2项:0 加分1项:1 加分0项:6
2026-06-02 22:28:12,228 - stock_selector - INFO - 开始手工选股分析...
2026-06-02 22:28:12,247 - stock_selector - INFO - 手工选股: 2只中 2只满足核心条件(MACD∩ZJTJ)
2026-06-02 22:28:12,247 - stock_selector - INFO - 开始龙头公司EBK分析...
2026-06-02 22:30:01,268 - stock_selector - INFO - ============================================================
2026-06-02 22:30:01,268 - stock_selector - INFO - 开始选股流程，选股日期: 20260602
2026-06-02 22:30:01,268 - stock_selector - INFO - 历史数据范围: 20251114 ~ 20260602
2026-06-02 22:30:01,268 - stock_selector - INFO - ============================================================
2026-06-02 22:30:09,896 - stock_selector - INFO - [规则1] 板块RPS筛选: 输入5525只 → 输出124只
2026-06-02 22:30:09,896 - stock_selector - INFO - 开始获取 124 只候选股票的日线数据...
2026-06-02 22:30:10,130 - stock_selector - INFO - 日线数据获取进度: 100/124 (已获取 100 只)
2026-06-02 22:30:10,146 - stock_selector - INFO - 日线数据获取进度: 124/124 (已获取 124 只)
2026-06-02 22:30:10,146 - stock_selector - INFO - 成功获取 124 只股票的日线数据
2026-06-02 22:30:10,255 - stock_selector - INFO - [规则2] MACD买入信号筛选: 输入124只 → 输出8只
2026-06-02 22:30:10,355 - stock_selector - INFO - [规则3] ZJTJ庄家控盘筛选: 输入124只 → 输出61只
2026-06-02 22:30:10,534 - stock_selector - INFO - [规则4] KDJ买入信号筛选: 输入124只 → 输出17只
2026-06-02 22:30:10,657 - stock_selector - INFO - 财务筛选进度: 60/124，当前命中 7 只
2026-06-02 22:30:10,698 - stock_selector - INFO - 财务筛选进度: 80/124，当前命中 9 只
2026-06-02 22:30:10,784 - stock_selector - INFO - 财务筛选完成: 124 只中 15 只满足条件
2026-06-02 22:30:10,784 - stock_selector - INFO - [规则5] 财务基本面筛选: 输入124只 → 输出15只
2026-06-02 22:30:10,809 - stock_selector - INFO - 选股完成，核心(MACD∩ZJTJ): 7只 | 加分2项:0 加分1项:1 加分0项:6
2026-06-02 22:30:10,810 - stock_selector - INFO - 开始手工选股分析...
2026-06-02 22:30:10,824 - stock_selector - INFO - 手工选股: 2只中 2只满足核心条件(MACD∩ZJTJ)
2026-06-02 22:30:10,825 - stock_selector - INFO - 开始龙头公司EBK分析...
2026-06-02 22:48:48,943 - stock_selector - INFO - 龙头公司EBK: 511只中 24只满足核心条件(MACD∩ZJTJ)
2026-06-02 23:00:53,061 - stock_selector - INFO - ============================================================
2026-06-02 23:00:53,061 - stock_selector - INFO - 开始选股流程，选股日期: 20260602
2026-06-02 23:00:53,061 - stock_selector - INFO - 历史数据范围: 20251114 ~ 20260602
2026-06-02 23:00:53,061 - stock_selector - INFO - ============================================================
2026-06-02 23:01:06,307 - stock_selector - INFO - [规则1] 板块RPS筛选: 输入5525只 → 输出124只
2026-06-02 23:01:06,307 - stock_selector - INFO - 开始获取 124 只候选股票的日线数据...
2026-06-02 23:01:06,565 - stock_selector - INFO - 日线数据获取进度: 100/124 (已获取 100 只)
2026-06-02 23:01:06,638 - stock_selector - INFO - 日线数据获取进度: 124/124 (已获取 124 只)
2026-06-02 23:01:06,638 - stock_selector - INFO - 成功获取 124 只股票的日线数据
2026-06-02 23:01:06,740 - stock_selector - INFO - [规则2] MACD买入信号筛选: 输入124只 → 输出8只
2026-06-02 23:01:06,837 - stock_selector - INFO - [规则3] ZJTJ庄家控盘筛选: 输入124只 → 输出61只
2026-06-02 23:01:07,030 - stock_selector - INFO - [规则4] KDJ买入信号筛选: 输入124只 → 输出17只
2026-06-02 23:01:07,152 - stock_selector - INFO - 财务筛选进度: 60/124，当前命中 7 只
2026-06-02 23:01:07,186 - stock_selector - INFO - 财务筛选进度: 80/124，当前命中 9 只
2026-06-02 23:01:07,278 - stock_selector - INFO - 财务筛选完成: 124 只中 15 只满足条件
2026-06-02 23:01:07,278 - stock_selector - INFO - [规则5] 财务基本面筛选: 输入124只 → 输出15只
2026-06-02 23:01:07,302 - stock_selector - INFO - 选股完成，核心(MACD∩ZJTJ): 7只 | 加分2项:0 加分1项:1 加分0项:6
2026-06-02 23:01:07,303 - stock_selector - INFO - 开始手工选股分析...
2026-06-02 23:01:07,317 - stock_selector - INFO - 手工选股: 2只中 2只满足核心条件(MACD∩ZJTJ)
2026-06-02 23:01:07,317 - stock_selector - INFO - 开始龙头公司EBK分析...
2026-06-02 23:01:13,000 - stock_selector - INFO - 龙头公司EBK: 513只中 26只满足核心条件(MACD∩ZJTJ)
2026-06-02 23:02:18,266 - stock_selector - INFO - ============================================================
2026-06-02 23:02:18,266 - stock_selector - INFO - 开始选股流程，选股日期: 20260602
2026-06-02 23:02:18,266 - stock_selector - INFO - 历史数据范围: 20251114 ~ 20260602
2026-06-02 23:02:18,266 - stock_selector - INFO - ============================================================
2026-06-02 23:02:26,589 - stock_selector - INFO - [规则1] 板块RPS筛选: 输入5525只 → 输出124只
2026-06-02 23:02:26,590 - stock_selector - INFO - 开始获取 124 只候选股票的日线数据...
2026-06-02 23:02:26,678 - stock_selector - INFO - 日线数据获取进度: 100/124 (已获取 100 只)
2026-06-02 23:02:26,699 - stock_selector - INFO - 日线数据获取进度: 124/124 (已获取 124 只)
2026-06-02 23:02:26,699 - stock_selector - INFO - 成功获取 124 只股票的日线数据
2026-06-02 23:02:26,815 - stock_selector - INFO - [规则2] MACD买入信号筛选: 输入124只 → 输出8只
2026-06-02 23:02:26,929 - stock_selector - INFO - [规则3] ZJTJ庄家控盘筛选: 输入124只 → 输出61只
2026-06-02 23:02:27,166 - stock_selector - INFO - [规则4] KDJ买入信号筛选: 输入124只 → 输出17只
2026-06-02 23:02:27,302 - stock_selector - INFO - 财务筛选进度: 60/124，当前命中 7 只
2026-06-02 23:02:27,353 - stock_selector - INFO - 财务筛选进度: 80/124，当前命中 9 只
2026-06-02 23:02:27,442 - stock_selector - INFO - 财务筛选完成: 124 只中 15 只满足条件
2026-06-02 23:02:27,442 - stock_selector - INFO - [规则5] 财务基本面筛选: 输入124只 → 输出15只
2026-06-02 23:02:27,473 - stock_selector - INFO - 选股完成，核心(MACD∩ZJTJ): 7只 | 加分2项:0 加分1项:1 加分0项:6
2026-06-02 23:02:27,473 - stock_selector - INFO - 开始手工选股分析...
2026-06-02 23:02:27,486 - stock_selector - INFO - 手工选股: 2只中 2只满足核心条件(MACD∩ZJTJ)
2026-06-02 23:02:27,486 - stock_selector - INFO - 开始龙头公司EBK分析...
2026-06-02 23:02:33,436 - stock_selector - INFO - 龙头公司EBK: 513只中 26只满足核心条件(MACD∩ZJTJ)
2026-06-02 23:03:13,562 - stock_selector - INFO - ============================================================
2026-06-02 23:03:13,562 - stock_selector - INFO - 开始选股流程，选股日期: 20260602
2026-06-02 23:03:13,562 - stock_selector - INFO - 历史数据范围: 20251114 ~ 20260602
2026-06-02 23:03:13,563 - stock_selector - INFO - ============================================================
2026-06-02 23:03:18,283 - stock_selector - INFO - [规则1] 板块RPS筛选: 输入5525只 → 输出124只
2026-06-02 23:03:18,284 - stock_selector - INFO - 开始获取 124 只候选股票的日线数据...
2026-06-02 23:03:18,381 - stock_selector - INFO - 日线数据获取进度: 100/124 (已获取 100 只)
2026-06-02 23:03:18,403 - stock_selector - INFO - 日线数据获取进度: 124/124 (已获取 124 只)
2026-06-02 23:03:18,403 - stock_selector - INFO - 成功获取 124 只股票的日线数据
2026-06-02 23:03:18,511 - stock_selector - INFO - [规则2] MACD买入信号筛选: 输入124只 → 输出8只
2026-06-02 23:03:18,620 - stock_selector - INFO - [规则3] ZJTJ庄家控盘筛选: 输入124只 → 输出61只
2026-06-02 23:03:18,844 - stock_selector - INFO - [规则4] KDJ买入信号筛选: 输入124只 → 输出17只
2026-06-02 23:03:18,974 - stock_selector - INFO - 财务筛选进度: 60/124，当前命中 7 只
2026-06-02 23:03:19,027 - stock_selector - INFO - 财务筛选进度: 80/124，当前命中 9 只
2026-06-02 23:03:19,122 - stock_selector - INFO - 财务筛选完成: 124 只中 15 只满足条件
2026-06-02 23:03:19,122 - stock_selector - INFO - [规则5] 财务基本面筛选: 输入124只 → 输出15只
2026-06-02 23:03:19,151 - stock_selector - INFO - 选股完成，核心(MACD∩ZJTJ): 7只 | 加分2项:0 加分1项:1 加分0项:6
2026-06-02 23:03:19,151 - stock_selector - INFO - 开始手工选股分析...
2026-06-02 23:03:19,170 - stock_selector - INFO - 手工选股: 2只中 2只满足核心条件(MACD∩ZJTJ)
2026-06-02 23:03:19,170 - stock_selector - INFO - 开始龙头公司EBK分析...
2026-06-02 23:03:24,901 - stock_selector - INFO - 龙头公司EBK: 513只中 26只满足核心条件(MACD∩ZJTJ)
2026-06-02 23:17:53,943 - stock_selector - INFO - ============================================================
2026-06-02 23:17:53,943 - stock_selector - INFO - 开始选股流程，选股日期: 20260602
2026-06-02 23:17:53,943 - stock_selector - INFO - 历史数据范围: 20251114 ~ 20260602
2026-06-02 23:17:53,943 - stock_selector - INFO - ============================================================
2026-06-02 23:18:02,784 - stock_selector - INFO - [规则1] 板块RPS筛选: 输入5525只 → 输出124只
2026-06-02 23:18:02,785 - stock_selector - INFO - 开始获取 124 只候选股票的日线数据...
2026-06-02 23:18:02,874 - stock_selector - INFO - 日线数据获取进度: 100/124 (已获取 100 只)
2026-06-02 23:18:02,895 - stock_selector - INFO - 日线数据获取进度: 124/124 (已获取 124 只)
2026-06-02 23:18:02,895 - stock_selector - INFO - 成功获取 124 只股票的日线数据
2026-06-02 23:18:02,989 - stock_selector - INFO - [规则2] MACD买入信号筛选: 输入124只 → 输出8只
2026-06-02 23:18:03,096 - stock_selector - INFO - [规则3] ZJTJ庄家控盘筛选: 输入124只 → 输出61只
2026-06-02 23:18:03,286 - stock_selector - INFO - [规则4] KDJ买入信号筛选: 输入124只 → 输出17只
2026-06-02 23:18:03,410 - stock_selector - INFO - 财务筛选进度: 60/124，当前命中 7 只
2026-06-02 23:18:03,450 - stock_selector - INFO - 财务筛选进度: 80/124，当前命中 9 只
2026-06-02 23:18:03,539 - stock_selector - INFO - 财务筛选完成: 124 只中 15 只满足条件
2026-06-02 23:18:03,540 - stock_selector - INFO - [规则5] 财务基本面筛选: 输入124只 → 输出15只
2026-06-02 23:18:03,564 - stock_selector - INFO - 选股完成，核心(MACD∩ZJTJ): 7只 | 加分2项:0 加分1项:1 加分0项:6
2026-06-02 23:18:03,564 - stock_selector - INFO - 开始手工选股分析...
2026-06-02 23:18:03,579 - stock_selector - INFO - 手工选股: 2只中 2只满足核心条件(MACD∩ZJTJ)
2026-06-02 23:18:03,579 - stock_selector - INFO - 开始龙头公司EBK分析...
2026-06-02 23:18:09,223 - stock_selector - INFO - 龙头公司EBK: 513只中 26只满足核心条件(MACD∩ZJTJ)
2026-06-02 23:19:54,484 - stock_selector - INFO - ============================================================
2026-06-02 23:19:54,484 - stock_selector - INFO - 开始选股流程，选股日期: 20260602
2026-06-02 23:19:54,484 - stock_selector - INFO - 历史数据范围: 20251114 ~ 20260602
2026-06-02 23:19:54,484 - stock_selector - INFO - ============================================================
2026-06-02 23:20:02,632 - stock_selector - INFO - [规则1] 板块RPS筛选: 输入5525只 → 输出117只
2026-06-02 23:20:02,632 - stock_selector - INFO - 开始获取 117 只候选股票的日线数据...
2026-06-02 23:20:02,720 - stock_selector - INFO - 日线数据获取进度: 100/117 (已获取 100 只)
2026-06-02 23:20:02,737 - stock_selector - INFO - 日线数据获取进度: 117/117 (已获取 117 只)
2026-06-02 23:20:02,737 - stock_selector - INFO - 成功获取 117 只股票的日线数据
2026-06-02 23:20:02,834 - stock_selector - INFO - [规则2] MACD买入信号筛选: 输入117只 → 输出8只
2026-06-02 23:20:02,941 - stock_selector - INFO - [规则3] ZJTJ庄家控盘筛选: 输入117只 → 输出59只
2026-06-02 23:20:03,135 - stock_selector - INFO - [规则4] KDJ买入信号筛选: 输入117只 → 输出17只
2026-06-02 23:20:03,204 - stock_selector - INFO - 财务筛选进度: 30/117，当前命中 1 只
2026-06-02 23:20:03,392 - stock_selector - INFO - 财务筛选完成: 117 只中 11 只满足条件
2026-06-02 23:20:03,393 - stock_selector - INFO - [规则5] 财务基本面筛选: 输入117只 → 输出11只
2026-06-02 23:20:03,417 - stock_selector - INFO - 选股完成，核心(MACD∩ZJTJ): 7只 | 加分2项:0 加分1项:1 加分0项:6
2026-06-02 23:20:03,417 - stock_selector - INFO - 开始手工选股分析...
2026-06-02 23:20:03,435 - stock_selector - INFO - 手工选股: 2只中 2只满足核心条件(MACD∩ZJTJ)
2026-06-02 23:20:03,435 - stock_selector - INFO - 开始龙头公司EBK分析...
2026-06-02 23:20:09,454 - stock_selector - INFO - 龙头公司EBK: 513只中 26只满足核心条件(MACD∩ZJTJ)
2026-06-02 23:24:10,934 - stock_selector - INFO - ============================================================
2026-06-02 23:24:10,934 - stock_selector - INFO - 开始选股流程，选股日期: 20260602
2026-06-02 23:24:10,934 - stock_selector - INFO - 历史数据范围: 20251114 ~ 20260602
2026-06-02 23:24:10,934 - stock_selector - INFO - ============================================================
2026-06-02 23:24:19,991 - stock_selector - INFO - [规则1] 板块RPS筛选: 输入5525只 → 输出124只
2026-06-02 23:24:19,991 - stock_selector - INFO - 开始获取 124 只候选股票的日线数据...
2026-06-02 23:24:20,091 - stock_selector - INFO - 日线数据获取进度: 100/124 (已获取 100 只)
2026-06-02 23:24:20,112 - stock_selector - INFO - 日线数据获取进度: 124/124 (已获取 124 只)
2026-06-02 23:24:20,112 - stock_selector - INFO - 成功获取 124 只股票的日线数据
2026-06-02 23:24:20,237 - stock_selector - INFO - [规则2] MACD买入信号筛选: 输入124只 → 输出8只
2026-06-02 23:24:20,352 - stock_selector - INFO - [规则3] ZJTJ庄家控盘筛选: 输入124只 → 输出61只
2026-06-02 23:24:20,567 - stock_selector - INFO - [规则4] KDJ买入信号筛选: 输入124只 → 输出17只
2026-06-02 23:24:20,697 - stock_selector - INFO - 财务筛选进度: 60/124，当前命中 7 只
2026-06-02 23:24:20,740 - stock_selector - INFO - 财务筛选进度: 80/124，当前命中 9 只
2026-06-02 23:24:20,826 - stock_selector - INFO - 财务筛选完成: 124 只中 15 只满足条件
2026-06-02 23:24:20,826 - stock_selector - INFO - [规则5] 财务基本面筛选: 输入124只 → 输出15只
2026-06-02 23:24:20,854 - stock_selector - INFO - 选股完成，核心(MACD∩ZJTJ): 7只 | 加分2项:0 加分1项:1 加分0项:6
2026-06-02 23:24:20,854 - stock_selector - INFO - 开始手工选股分析...
2026-06-02 23:24:20,870 - stock_selector - INFO - 手工选股: 2只中 2只满足核心条件(MACD∩ZJTJ)
2026-06-02 23:24:20,870 - stock_selector - INFO - 开始龙头公司EBK分析...
2026-06-02 23:24:26,711 - stock_selector - INFO - 龙头公司EBK: 513只中 26只满足核心条件(MACD∩ZJTJ)
2026-06-02 23:33:12,725 - stock_selector - INFO - ============================================================
2026-06-02 23:33:12,725 - stock_selector - INFO - 开始选股流程，选股日期: 20260602
2026-06-02 23:33:12,725 - stock_selector - INFO - 历史数据范围: 20251114 ~ 20260602
2026-06-02 23:33:12,726 - stock_selector - INFO - ============================================================
2026-06-02 23:33:20,750 - stock_selector - INFO - [规则1] 板块RPS筛选: 输入5525只 → 输出124只
2026-06-02 23:33:20,750 - stock_selector - INFO - 开始获取 124 只候选股票的日线数据...
2026-06-02 23:33:20,859 - stock_selector - INFO - 日线数据获取进度: 100/124 (已获取 100 只)
2026-06-02 23:33:20,879 - stock_selector - INFO - 日线数据获取进度: 124/124 (已获取 124 只)
2026-06-02 23:33:20,879 - stock_selector - INFO - 成功获取 124 只股票的日线数据
2026-06-02 23:33:20,981 - stock_selector - INFO - [规则2] MACD买入信号筛选: 输入124只 → 输出8只
2026-06-02 23:33:21,080 - stock_selector - INFO - [规则3] ZJTJ庄家控盘筛选: 输入124只 → 输出61只
2026-06-02 23:33:21,288 - stock_selector - INFO - [规则4] KDJ买入信号筛选: 输入124只 → 输出17只
2026-06-02 23:33:21,407 - stock_selector - INFO - 财务筛选进度: 60/124，当前命中 7 只
2026-06-02 23:33:21,449 - stock_selector - INFO - 财务筛选进度: 80/124，当前命中 9 只
2026-06-02 23:33:21,545 - stock_selector - INFO - 财务筛选完成: 124 只中 15 只满足条件
2026-06-02 23:33:21,545 - stock_selector - INFO - [规则5] 财务基本面筛选: 输入124只 → 输出15只
2026-06-02 23:33:21,574 - stock_selector - INFO - 选股完成，核心(MACD∩ZJTJ): 7只 | 加分2项:0 加分1项:1 加分0项:6
2026-06-02 23:33:21,574 - stock_selector - INFO - 开始手工选股分析...
2026-06-02 23:33:21,589 - stock_selector - INFO - 手工选股: 2只中 2只满足核心条件(MACD∩ZJTJ)
2026-06-02 23:33:21,589 - stock_selector - INFO - 开始龙头公司EBK分析...
2026-06-02 23:33:27,631 - stock_selector - INFO - 龙头公司EBK: 513只中 26只满足核心条件(MACD∩ZJTJ)
2026-06-02 23:41:43,313 - stock_selector - INFO - ============================================================
2026-06-02 23:41:43,314 - stock_selector - INFO - 开始选股流程，选股日期: 20260602
2026-06-02 23:41:43,314 - stock_selector - INFO - 历史数据范围: 20251114 ~ 20260602
2026-06-02 23:41:43,314 - stock_selector - INFO - ============================================================
2026-06-02 23:41:50,743 - stock_selector - INFO - [规则1] 板块RPS筛选: 输入5525只 → 输出124只
2026-06-02 23:41:50,743 - stock_selector - INFO - 开始获取 124 只候选股票的日线数据...
2026-06-02 23:41:50,837 - stock_selector - INFO - 日线数据获取进度: 100/124 (已获取 100 只)
2026-06-02 23:41:50,859 - stock_selector - INFO - 日线数据获取进度: 124/124 (已获取 124 只)
2026-06-02 23:41:50,859 - stock_selector - INFO - 成功获取 124 只股票的日线数据
2026-06-02 23:41:50,956 - stock_selector - INFO - [规则2] MACD买入信号筛选: 输入124只 → 输出8只
2026-06-02 23:41:51,062 - stock_selector - INFO - [规则3] ZJTJ庄家控盘筛选: 输入124只 → 输出61只
2026-06-02 23:41:51,297 - stock_selector - INFO - [规则4] KDJ买入信号筛选: 输入124只 → 输出17只
2026-06-02 23:41:51,427 - stock_selector - INFO - 财务筛选进度: 60/124，当前命中 7 只
2026-06-02 23:41:51,473 - stock_selector - INFO - 财务筛选进度: 80/124，当前命中 9 只
2026-06-02 23:41:51,571 - stock_selector - INFO - 财务筛选完成: 124 只中 15 只满足条件
2026-06-02 23:41:51,572 - stock_selector - INFO - [规则5] 财务基本面筛选: 输入124只 → 输出15只
2026-06-02 23:41:51,600 - stock_selector - INFO - 选股完成，核心(MACD∩ZJTJ): 7只 | 加分2项:0 加分1项:1 加分0项:6
2026-06-02 23:41:51,600 - stock_selector - INFO - 开始手工选股分析...
2026-06-02 23:41:51,617 - stock_selector - INFO - 手工选股: 2只中 2只满足核心条件(MACD∩ZJTJ)
2026-06-02 23:41:51,617 - stock_selector - INFO - 开始龙头公司EBK分析...
2026-06-02 23:41:57,449 - stock_selector - INFO - 龙头公司EBK: 513只中 26只满足核心条件(MACD∩ZJTJ)
2026-06-03 17:00:03,373 - stock_selector - INFO - ============================================================
2026-06-03 17:00:03,392 - stock_selector - INFO - 开始选股流程，选股日期: 20260603
2026-06-03 17:00:03,393 - stock_selector - INFO - 历史数据范围: 20251115 ~ 20260603
2026-06-03 17:00:03,393 - stock_selector - INFO - ============================================================
2026-06-03 17:00:15,147 - stock_selector - INFO - [规则1] 板块RPS筛选: 输入5525只 → 输出124只
2026-06-03 17:00:15,147 - stock_selector - INFO - 开始获取 124 只候选股票的日线数据...
2026-06-03 17:03:24,485 - stock_selector - INFO - 日线数据获取进度: 100/124 (已获取 100 只)
2026-06-03 17:04:12,733 - stock_selector - INFO - 日线数据获取进度: 124/124 (已获取 124 只)
2026-06-03 17:04:12,733 - stock_selector - INFO - 成功获取 124 只股票的日线数据
2026-06-03 17:04:12,849 - stock_selector - INFO - [规则2] MACD买入信号筛选: 输入124只 → 输出6只
2026-06-03 17:04:12,959 - stock_selector - INFO - [规则3] ZJTJ庄家控盘筛选: 输入124只 → 输出64只
2026-06-03 17:04:13,154 - stock_selector - INFO - [规则4] KDJ买入信号筛选: 输入124只 → 输出11只
2026-06-03 17:04:13,322 - stock_selector - INFO - 财务筛选进度: 60/124，当前命中 7 只
2026-06-03 17:04:13,364 - stock_selector - INFO - 财务筛选进度: 80/124，当前命中 9 只
2026-06-03 17:04:13,479 - stock_selector - INFO - 财务筛选完成: 124 只中 15 只满足条件
2026-06-03 17:04:13,480 - stock_selector - INFO - [规则5] 财务基本面筛选: 输入124只 → 输出15只
2026-06-03 17:04:13,504 - stock_selector - INFO - 选股完成，核心(MACD∩ZJTJ): 6只 | 加分2项:0 加分1项:1 加分0项:5
2026-06-03 17:04:13,504 - stock_selector - INFO - 开始手工选股分析...
2026-06-03 17:04:18,108 - stock_selector - INFO - 手工选股: 2只中 1只满足核心条件(MACD∩ZJTJ)
2026-06-03 17:04:18,108 - stock_selector - INFO - 开始龙头公司EBK分析...
2026-06-03 17:22:14,179 - stock_selector - INFO - 龙头公司EBK: 513只中 26只满足核心条件(MACD∩ZJTJ)
2026-06-03 17:52:48,047 - stock_selector - INFO - ============================================================
2026-06-03 17:52:48,047 - stock_selector - INFO - 开始选股流程，选股日期: 20260603
2026-06-03 17:52:48,048 - stock_selector - INFO - 历史数据范围: 20251115 ~ 20260603
2026-06-03 17:52:48,048 - stock_selector - INFO - ============================================================
2026-06-03 17:52:56,498 - stock_selector - INFO - [规则1] 板块RPS筛选: 输入5525只 → 输出118只
2026-06-03 17:52:56,499 - stock_selector - INFO - 开始获取 118 只候选股票的日线数据...
2026-06-03 17:52:58,960 - stock_selector - INFO - 日线数据获取进度: 100/118 (已获取 100 只)
2026-06-03 17:52:58,979 - stock_selector - INFO - 日线数据获取进度: 118/118 (已获取 118 只)
2026-06-03 17:52:58,979 - stock_selector - INFO - 成功获取 118 只股票的日线数据
2026-06-03 17:52:59,067 - stock_selector - INFO - [规则2] MACD买入信号筛选: 输入118只 → 输出6只
2026-06-03 17:52:59,146 - stock_selector - INFO - [规则3] ZJTJ庄家控盘筛选: 输入118只 → 输出62只
2026-06-03 17:52:59,306 - stock_selector - INFO - [规则4] KDJ买入信号筛选: 输入118只 → 输出10只
2026-06-03 17:52:59,359 - stock_selector - INFO - 财务筛选进度: 30/118，当前命中 1 只
2026-06-03 17:52:59,540 - stock_selector - INFO - 财务筛选完成: 118 只中 11 只满足条件
2026-06-03 17:52:59,540 - stock_selector - INFO - [规则5] 财务基本面筛选: 输入118只 → 输出11只
2026-06-03 17:52:59,558 - stock_selector - INFO - 选股完成，核心(MACD∩ZJTJ): 6只 | 加分2项:0 加分1项:1 加分0项:5
2026-06-03 17:52:59,558 - stock_selector - INFO - 开始手工选股分析...
2026-06-03 17:52:59,574 - stock_selector - INFO - 手工选股: 2只中 1只满足核心条件(MACD∩ZJTJ)
2026-06-03 17:52:59,574 - stock_selector - INFO - 开始龙头公司EBK分析...
2026-06-03 17:53:05,814 - stock_selector - INFO - 龙头公司EBK: 513只中 26只满足核心条件(MACD∩ZJTJ)
2026-06-05 07:37:29,924 - stock_selector - INFO - ============================================================
2026-06-05 07:37:29,925 - stock_selector - INFO - 开始选股流程，选股日期: 20260604
2026-06-05 07:37:29,925 - stock_selector - INFO - 历史数据范围: 20251116 ~ 20260604
2026-06-05 07:37:29,925 - stock_selector - INFO - ============================================================
2026-06-05 07:37:37,613 - stock_selector - INFO - [规则1] 板块RPS筛选: 输入5525只 → 输出118只
2026-06-05 07:37:37,613 - stock_selector - INFO - 开始获取 118 只候选股票的日线数据...
2026-06-05 07:41:12,901 - stock_selector - INFO - 日线数据获取进度: 100/118 (已获取 100 只)
2026-06-05 07:41:50,337 - stock_selector - INFO - 日线数据获取进度: 118/118 (已获取 118 只)
2026-06-05 07:41:50,337 - stock_selector - INFO - 成功获取 118 只股票的日线数据
2026-06-05 07:41:50,455 - stock_selector - INFO - [规则2] MACD买入信号筛选: 输入118只 → 输出6只
2026-06-05 07:41:50,565 - stock_selector - INFO - [规则3] ZJTJ庄家控盘筛选: 输入118只 → 输出84只
2026-06-05 07:41:50,766 - stock_selector - INFO - [规则4] KDJ买入信号筛选: 输入118只 → 输出2只
2026-06-05 07:41:50,826 - stock_selector - INFO - 财务筛选进度: 30/118，当前命中 1 只
2026-06-05 07:41:50,998 - stock_selector - INFO - 财务筛选完成: 118 只中 11 只满足条件
2026-06-05 07:41:50,998 - stock_selector - INFO - [规则5] 财务基本面筛选: 输入118只 → 输出11只
2026-06-05 07:41:51,033 - stock_selector - INFO - V2评分过滤: 6只 → 5只 (最低分60, 最多5只)
2026-06-05 07:41:51,034 - stock_selector - INFO - 选股完成，核心(MACD∩ZJTJ): 5只 | 加分2项:0 加分1项:0 加分0项:5
2026-06-05 07:41:51,034 - stock_selector - INFO - 开始手工选股分析...
2026-06-05 07:41:55,445 - stock_selector - INFO - 手工选股: 2只中 2只满足核心条件(MACD∩ZJTJ)
2026-06-05 07:41:55,445 - stock_selector - INFO - 开始龙头公司EBK分析...
2026-06-05 07:59:30,835 - stock_selector - INFO - 龙头公司EBK: 513只中 46只满足核心条件(MACD∩ZJTJ)
2026-06-05 17:00:09,876 - stock_selector - INFO - ============================================================
2026-06-05 17:00:09,876 - stock_selector - INFO - 开始选股流程，选股日期: 20260605
2026-06-05 17:00:09,877 - stock_selector - INFO - 历史数据范围: 20251117 ~ 20260605
2026-06-05 17:00:09,877 - stock_selector - INFO - ============================================================
2026-06-05 17:00:24,509 - stock_selector - INFO - [规则1] 板块RPS筛选: 输入5525只 → 输出124只
2026-06-05 17:00:24,509 - stock_selector - INFO - 开始获取 124 只候选股票的日线数据...
2026-06-05 17:03:37,104 - stock_selector - INFO - 日线数据获取进度: 100/124 (已获取 100 只)
2026-06-05 17:04:22,749 - stock_selector - INFO - 日线数据获取进度: 124/124 (已获取 124 只)
2026-06-05 17:04:22,749 - stock_selector - INFO - 成功获取 124 只股票的日线数据
2026-06-05 17:04:22,844 - stock_selector - INFO - [规则2] MACD买入信号筛选: 输入124只 → 输出2只
2026-06-05 17:04:22,939 - stock_selector - INFO - [规则3] ZJTJ庄家控盘筛选: 输入124只 → 输出86只
2026-06-05 17:04:23,105 - stock_selector - INFO - [规则4] KDJ买入信号筛选: 输入124只 → 输出3只
2026-06-05 17:04:23,222 - stock_selector - INFO - 财务筛选进度: 60/124，当前命中 7 只
2026-06-05 17:04:23,266 - stock_selector - INFO - 财务筛选进度: 80/124，当前命中 9 只
2026-06-05 17:04:23,367 - stock_selector - INFO - 财务筛选完成: 124 只中 15 只满足条件
2026-06-05 17:04:23,367 - stock_selector - INFO - [规则5] 财务基本面筛选: 输入124只 → 输出15只
2026-06-05 17:04:23,377 - stock_selector - INFO - V2评分过滤: 2只 → 2只 (最低分60, 最多5只)
2026-06-05 17:04:23,377 - stock_selector - INFO - 选股完成，核心(MACD∩ZJTJ): 2只 | 加分2项:0 加分1项:1 加分0项:1
2026-06-05 17:04:23,377 - stock_selector - INFO - 开始手工选股分析...
2026-06-05 17:04:27,248 - stock_selector - INFO - 手工选股: 2只中 2只满足核心条件(MACD∩ZJTJ)
2026-06-05 17:04:27,248 - stock_selector - INFO - 开始龙头公司EBK分析...
2026-06-05 17:21:17,130 - stock_selector - INFO - 龙头公司EBK: 513只中 45只满足核心条件(MACD∩ZJTJ)
